Compiled jquery.js  (2ms)  (pid 5470)
Compiled jquery_ujs.js  (0ms)  (pid 5470)
Compiled jquery.easing.1.3.js  (1ms)  (pid 5470)
Compiled jquery-ui-1.9.2.custom.min.js  (4ms)  (pid 5470)
Compiled wax.g.min.js  (1ms)  (pid 5470)
Compiled cartodb-gmapsv3.js  (0ms)  (pid 5470)
Compiled cartodb-infowindow-min.js  (0ms)  (pid 5470)
Compiled jquery.history.js  (0ms)  (pid 5470)
Compiled jstorage.min.js  (0ms)  (pid 5470)
Compiled lodash.min.js  (0ms)  (pid 5470)
Compiled backbone-min.js  (0ms)  (pid 5470)
Compiled class.js  (0ms)  (pid 5470)
Compiled backbone.cartodb.js  (0ms)  (pid 5470)
Compiled d3.v2.min.js  (2ms)  (pid 5470)
Compiled geojson.js  (0ms)  (pid 5470)
Compiled jquery.fileupload.js  (1ms)  (pid 5470)
Compiled jquery.fileupload-ui.js  (0ms)  (pid 5470)
Compiled jquery.fileupload-fp.js  (0ms)  (pid 5470)
Compiled gfw/gfw.js  (0ms)  (pid 5470)
Compiled canvas_tile_layer.js  (0ms)  (pid 5470)
Compiled gfw.js  (0ms)  (pid 5470)
Compiled grid_layer.js  (0ms)  (pid 5470)
Compiled helpers.js  (0ms)  (pid 5470)
Compiled marker.js  (0ms)  (pid 5470)
Compiled plugins.js  (0ms)  (pid 5470)
Compiled stories.js  (0ms)  (pid 5470)
Compiled application.js  (161ms)  (pid 5470)
Compiled fonts.css  (31ms)  (pid 5470)
Compiled countries.css  (1652ms)  (pid 5470)
Compiled prettify.css  (0ms)  (pid 5470)
Compiled demo.css  (1416ms)  (pid 5470)
Compiled forms.css  (1412ms)  (pid 5470)
Compiled helpers.css  (660ms)  (pid 5470)
Compiled map.css  (1758ms)  (pid 5470)
Compiled posts.css  (1957ms)  (pid 5470)
Compiled stories.css  (3213ms)  (pid 5470)
Compiled application.css  (15495ms)  (pid 5470)
Compiled jquery.js  (3ms)  (pid 9391)
Compiled jquery.history.js  (0ms)  (pid 9391)
Compiled jquery_ujs.js  (0ms)  (pid 9391)
Compiled jquery.easing.1.3.js  (1ms)  (pid 9391)
Compiled jquery-ui-1.9.2.custom.min.js  (7ms)  (pid 9391)
Compiled wax.g.min.js  (2ms)  (pid 9391)
Compiled cartodb-gmapsv3.js  (1ms)  (pid 9391)
Compiled cartodb-infowindow-min.js  (3ms)  (pid 9391)
Compiled jstorage.min.js  (0ms)  (pid 9391)
Compiled lodash.min.js  (0ms)  (pid 9391)
Compiled backbone-min.js  (1ms)  (pid 9391)
Compiled class.js  (0ms)  (pid 9391)
Compiled backbone.cartodb.js  (0ms)  (pid 9391)
Compiled d3.v2.min.js  (3ms)  (pid 9391)
Compiled geojson.js  (0ms)  (pid 9391)
Compiled jquery.fileupload.js  (1ms)  (pid 9391)
Compiled jquery.fileupload-ui.js  (0ms)  (pid 9391)
Compiled jquery.fileupload-fp.js  (0ms)  (pid 9391)
Compiled gfw/vendor/jquery.mousewheel.min.js  (0ms)  (pid 9391)
Compiled gfw/vendor/jquery.jscrollpane.min.js  (0ms)  (pid 9391)
Compiled gfw/vendor/jquery.mCustomScrollbar.js  (1ms)  (pid 9391)
Compiled gfw/vendor/jquery.imagesloaded.min.js  (1ms)  (pid 9391)
Compiled gfw/vendor/spin.min.js  (0ms)  (pid 9391)
Compiled gfw/vendor/mustache.js  (0ms)  (pid 9391)
Compiled gfw/gfw.js  (0ms)  (pid 9391)
Compiled gfw/core/log.js  (0ms)  (pid 9391)
Compiled gfw/core/profiler.js  (0ms)  (pid 9391)
Compiled gfw/core/template.js  (0ms)  (pid 9391)
Compiled gfw/core/view.js  (0ms)  (pid 9391)
Compiled gfw/core/god.js  (0ms)  (pid 9391)
Compiled gfw/ui/widget.js  (8ms)  (pid 9391)
Compiled gfw/ui/timeline.js  (0ms)  (pid 9391)
Compiled gfw/ui/legend.js  (0ms)  (pid 9391)
Compiled gfw/ui/layer_selector.js  (0ms)  (pid 9391)
Compiled gfw/ui/language_selector.js  (0ms)  (pid 9391)
Compiled gfw/ui/gallery.js  (1ms)  (pid 9391)
Compiled gfw/ui/carrousel.js  (3ms)  (pid 9391)
Compiled gfw/ui/dialog.js  (5ms)  (pid 9391)
Compiled gfw/ui/window.js  (0ms)  (pid 9391)
Compiled gfw/index.js  (278ms)  (pid 9391)
Compiled gfw.js  (291ms)  (pid 9391)
Compiled canvas_tile_layer.js  (0ms)  (pid 9391)
Compiled gfw_lib.js  (0ms)  (pid 9391)
Compiled grid_layer.js  (0ms)  (pid 9391)
Compiled helpers.js  (0ms)  (pid 9391)
Compiled marker.js  (0ms)  (pid 9391)
Compiled plugins.js  (1ms)  (pid 9391)
Compiled stories.js  (0ms)  (pid 9391)
Compiled application.js  (793ms)  (pid 9391)
Compiled fonts.css  (72ms)  (pid 9391)
Compiled countries.css  (2657ms)  (pid 9391)
Compiled prettify.css  (0ms)  (pid 9391)
Compiled demo.css  (2318ms)  (pid 9391)
Compiled forms.css  (2513ms)  (pid 9391)
Compiled helpers.css  (961ms)  (pid 9391)
Compiled map.css  (2615ms)  (pid 9391)
Compiled posts.css  (2709ms)  (pid 9391)
Compiled stories.css  (5373ms)  (pid 9391)
Compiled application.css  (25458ms)  (pid 9391)
Compiled jquery.js  (2ms)  (pid 13884)
Compiled jquery.history.js  (0ms)  (pid 13884)
Compiled jquery_ujs.js  (0ms)  (pid 13884)
Compiled jquery.easing.1.3.js  (1ms)  (pid 13884)
Compiled jquery-ui-1.9.2.custom.min.js  (4ms)  (pid 13884)
Compiled wax.g.min.js  (1ms)  (pid 13884)
Compiled cartodb-gmapsv3.js  (0ms)  (pid 13884)
Compiled cartodb-infowindow-min.js  (0ms)  (pid 13884)
Compiled jstorage.min.js  (0ms)  (pid 13884)
Compiled lodash.min.js  (0ms)  (pid 13884)
Compiled backbone-min.js  (0ms)  (pid 13884)
Compiled class.js  (0ms)  (pid 13884)
Compiled backbone.cartodb.js  (0ms)  (pid 13884)
Compiled d3.v2.min.js  (2ms)  (pid 13884)
Compiled geojson.js  (0ms)  (pid 13884)
Compiled jquery.fileupload.js  (1ms)  (pid 13884)
Compiled jquery.fileupload-ui.js  (0ms)  (pid 13884)
Compiled jquery.fileupload-fp.js  (0ms)  (pid 13884)
Compiled gfw/vendor/jquery.mousewheel.min.js  (0ms)  (pid 13884)
Compiled gfw/vendor/jquery.jscrollpane.min.js  (0ms)  (pid 13884)
Compiled gfw/vendor/jquery.mCustomScrollbar.js  (0ms)  (pid 13884)
Compiled gfw/vendor/jquery.imagesloaded.min.js  (0ms)  (pid 13884)
Compiled gfw/vendor/spin.min.js  (0ms)  (pid 13884)
Compiled gfw/vendor/mustache.js  (0ms)  (pid 13884)
Compiled gfw/gfw.js  (0ms)  (pid 13884)
Compiled gfw/core/log.js  (0ms)  (pid 13884)
Compiled gfw/core/profiler.js  (0ms)  (pid 13884)
Compiled gfw/core/template.js  (0ms)  (pid 13884)
Compiled gfw/core/view.js  (0ms)  (pid 13884)
Compiled gfw/core/god.js  (0ms)  (pid 13884)
Compiled gfw/ui/widget.js  (0ms)  (pid 13884)
Compiled gfw/ui/timeline.js  (0ms)  (pid 13884)
Compiled gfw/ui/legend.js  (0ms)  (pid 13884)
Compiled gfw/ui/layer_selector.js  (0ms)  (pid 13884)
Compiled gfw/ui/language_selector.js  (0ms)  (pid 13884)
Compiled gfw/ui/gallery.js  (0ms)  (pid 13884)
Compiled gfw/ui/carrousel.js  (0ms)  (pid 13884)
Compiled gfw/ui/dialog.js  (0ms)  (pid 13884)
Compiled gfw/ui/window.js  (0ms)  (pid 13884)
Compiled gfw/index.js  (129ms)  (pid 13884)
Compiled gfw.js  (135ms)  (pid 13884)
Compiled canvas_tile_layer.js  (0ms)  (pid 13884)
Compiled gfw_lib.js  (0ms)  (pid 13884)
Compiled grid_layer.js  (0ms)  (pid 13884)
Compiled helpers.js  (0ms)  (pid 13884)
Compiled marker.js  (0ms)  (pid 13884)
Compiled plugins.js  (0ms)  (pid 13884)
Compiled stories.js  (0ms)  (pid 13884)
Compiled application.js  (292ms)  (pid 13884)
Compiled fonts.css  (27ms)  (pid 13884)
Compiled countries.css  (1468ms)  (pid 13884)
Compiled prettify.css  (0ms)  (pid 13884)
Compiled demo.css  (1426ms)  (pid 13884)
Compiled forms.css  (1396ms)  (pid 13884)
Compiled helpers.css  (551ms)  (pid 13884)
Compiled map.css  (1620ms)  (pid 13884)
Compiled posts.css  (1534ms)  (pid 13884)
Compiled stories.css  (3134ms)  (pid 13884)
Compiled application.css  (14425ms)  (pid 13884)
Compiled jquery.js  (3ms)  (pid 15025)
Compiled jquery.history.js  (0ms)  (pid 15025)
Compiled jquery_ujs.js  (0ms)  (pid 15025)
Compiled jquery.easing.1.3.js  (0ms)  (pid 15025)
Compiled jquery-ui-1.9.2.custom.min.js  (5ms)  (pid 15025)
Compiled wax.g.min.js  (1ms)  (pid 15025)
Compiled cartodb-gmapsv3.js  (0ms)  (pid 15025)
Compiled cartodb-infowindow-min.js  (0ms)  (pid 15025)
Compiled jstorage.min.js  (0ms)  (pid 15025)
Compiled lodash.min.js  (0ms)  (pid 15025)
Compiled backbone-min.js  (0ms)  (pid 15025)
Compiled class.js  (0ms)  (pid 15025)
Compiled backbone.cartodb.js  (0ms)  (pid 15025)
Compiled d3.v2.min.js  (3ms)  (pid 15025)
Compiled geojson.js  (0ms)  (pid 15025)
Compiled jquery.fileupload.js  (1ms)  (pid 15025)
Compiled jquery.fileupload-ui.js  (0ms)  (pid 15025)
Compiled jquery.fileupload-fp.js  (0ms)  (pid 15025)
Compiled gfw/vendor/jquery.mousewheel.min.js  (0ms)  (pid 15025)
Compiled gfw/vendor/jquery.jscrollpane.min.js  (0ms)  (pid 15025)
Compiled gfw/vendor/jquery.mCustomScrollbar.js  (1ms)  (pid 15025)
Compiled gfw/vendor/jquery.imagesloaded.min.js  (0ms)  (pid 15025)
Compiled gfw/vendor/spin.min.js  (0ms)  (pid 15025)
Compiled gfw/vendor/mustache.js  (0ms)  (pid 15025)
Compiled gfw/gfw.js  (0ms)  (pid 15025)
Compiled gfw/core/log.js  (0ms)  (pid 15025)
Compiled gfw/core/profiler.js  (0ms)  (pid 15025)
Compiled gfw/core/template.js  (0ms)  (pid 15025)
Compiled gfw/core/view.js  (0ms)  (pid 15025)
Compiled gfw/core/god.js  (0ms)  (pid 15025)
Compiled gfw/ui/widget.js  (0ms)  (pid 15025)
Compiled gfw/ui/timeline.js  (0ms)  (pid 15025)
Compiled gfw/ui/legend.js  (0ms)  (pid 15025)
Compiled gfw/ui/layer_selector.js  (0ms)  (pid 15025)
Compiled gfw/ui/language_selector.js  (0ms)  (pid 15025)
Compiled gfw/ui/gallery.js  (0ms)  (pid 15025)
Compiled gfw/ui/carrousel.js  (0ms)  (pid 15025)
Compiled gfw/ui/dialog.js  (0ms)  (pid 15025)
Compiled gfw/ui/window.js  (0ms)  (pid 15025)
Compiled gfw/index.js  (181ms)  (pid 15025)
Compiled gfw.js  (188ms)  (pid 15025)
Compiled canvas_tile_layer.js  (0ms)  (pid 15025)
Compiled gfw_lib.js  (0ms)  (pid 15025)
Compiled grid_layer.js  (0ms)  (pid 15025)
Compiled helpers.js  (0ms)  (pid 15025)
Compiled marker.js  (0ms)  (pid 15025)
Compiled plugins.js  (0ms)  (pid 15025)
Compiled stories.js  (0ms)  (pid 15025)
Compiled application.js  (405ms)  (pid 15025)
Compiled fonts.css  (48ms)  (pid 15025)
Compiled countries.css  (2228ms)  (pid 15025)
Compiled prettify.css  (0ms)  (pid 15025)
Compiled demo.css  (1440ms)  (pid 15025)
Compiled forms.css  (1406ms)  (pid 15025)
Compiled helpers.css  (594ms)  (pid 15025)
Compiled map.css  (1668ms)  (pid 15025)
Compiled posts.css  (1665ms)  (pid 15025)
Compiled stories.css  (3550ms)  (pid 15025)
Compiled application.css  (16841ms)  (pid 15025)
Started GET "/" for 127.0.0.1 at 2013-04-02 12:34:35 +0200
Processing by HomeController#index as HTML
  Rendered common/_filters.html.erb (0.5ms)
  Rendered common/_map.html.erb (2.1ms)
  Rendered common/_crowdsourcing.html.erb (0.4ms)
  Rendered sources/_sources.html.erb (1.1ms)
  Rendered home/index.html.erb within layouts/application (29.6ms)
  Rendered common/_nav.html.erb (50.4ms)
  Rendered common/_header.html.erb (52.1ms)
  Rendered common/_share.html.erb (0.5ms)
  Rendered common/_subscribe.html.erb (1.5ms)
  Rendered common/_analysis.html.erb (0.3ms)
  Rendered common/_footer.html.erb (1.2ms)
  Rendered common/_js_templates.html.erb (0.7ms)
  Rendered common/_countries.html.erb (289.3ms)
Completed 200 OK in 760ms (Views: 397.2ms)
Started GET "/assets/application-eb8afffade05c33b4b49cc17d4bb38d4.css" for 127.0.0.1 at 2013-04-02 12:34:36 +0200

ActionController::RoutingError (No route matches [GET] "/assets/application-eb8afffade05c33b4b49cc17d4bb38d4.css"):
  actionpack (3.2.13) lib/action_dispatch/middleware/debug_exceptions.rb:21:in `call'
  actionpack (3.2.13) lib/action_dispatch/middleware/show_exceptions.rb:56:in `call'
  railties (3.2.13) lib/rails/rack/logger.rb:32:in `call_app'
  railties (3.2.13) lib/rails/rack/logger.rb:16:in `block in call'
  activesupport (3.2.13) lib/active_support/tagged_logging.rb:22:in `tagged'
  railties (3.2.13) lib/rails/rack/logger.rb:16:in `call'
  actionpack (3.2.13) lib/action_dispatch/middleware/request_id.rb:22:in `call'
  rack (1.4.5) lib/rack/methodoverride.rb:21:in `call'
  rack (1.4.5) lib/rack/runtime.rb:17:in `call'
  activesupport (3.2.13) lib/active_support/cache/strategy/local_cache.rb:72:in `call'
  rack (1.4.5) lib/rack/lock.rb:15:in `call'
  rack-cache (1.2) lib/rack/cache/context.rb:136:in `forward'
  rack-cache (1.2) lib/rack/cache/context.rb:245:in `fetch'
  rack-cache (1.2) lib/rack/cache/context.rb:185:in `lookup'
  rack-cache (1.2) lib/rack/cache/context.rb:66:in `call!'
  rack-cache (1.2) lib/rack/cache/context.rb:51:in `call'
  railties (3.2.13) lib/rails/engine.rb:479:in `call'
  railties (3.2.13) lib/rails/application.rb:223:in `call'
  rack (1.4.5) lib/rack/content_length.rb:14:in `call'
  railties (3.2.13) lib/rails/rack/log_tailer.rb:17:in `call'
  rack (1.4.5) lib/rack/handler/webrick.rb:59:in `service'
  /Users/javier/.rvm/rubies/ruby-1.9.2-p320/lib/ruby/1.9.1/webrick/httpserver.rb:111:in `service'
  /Users/javier/.rvm/rubies/ruby-1.9.2-p320/lib/ruby/1.9.1/webrick/httpserver.rb:70:in `run'
  /Users/javier/.rvm/rubies/ruby-1.9.2-p320/lib/ruby/1.9.1/webrick/server.rb:183:in `block in start_thread'


Started GET "/assets/application-a609bf31dbebcce8a6845a0760ed7b16.js" for 127.0.0.1 at 2013-04-02 12:34:36 +0200

ActionController::RoutingError (No route matches [GET] "/assets/application-a609bf31dbebcce8a6845a0760ed7b16.js"):
  actionpack (3.2.13) lib/action_dispatch/middleware/debug_exceptions.rb:21:in `call'
  actionpack (3.2.13) lib/action_dispatch/middleware/show_exceptions.rb:56:in `call'
  railties (3.2.13) lib/rails/rack/logger.rb:32:in `call_app'
  railties (3.2.13) lib/rails/rack/logger.rb:16:in `block in call'
  activesupport (3.2.13) lib/active_support/tagged_logging.rb:22:in `tagged'
  railties (3.2.13) lib/rails/rack/logger.rb:16:in `call'
  actionpack (3.2.13) lib/action_dispatch/middleware/request_id.rb:22:in `call'
  rack (1.4.5) lib/rack/methodoverride.rb:21:in `call'
  rack (1.4.5) lib/rack/runtime.rb:17:in `call'
  activesupport (3.2.13) lib/active_support/cache/strategy/local_cache.rb:72:in `call'
  rack (1.4.5) lib/rack/lock.rb:15:in `call'
  rack-cache (1.2) lib/rack/cache/context.rb:136:in `forward'
  rack-cache (1.2) lib/rack/cache/context.rb:245:in `fetch'
  rack-cache (1.2) lib/rack/cache/context.rb:185:in `lookup'
  rack-cache (1.2) lib/rack/cache/context.rb:66:in `call!'
  rack-cache (1.2) lib/rack/cache/context.rb:51:in `call'
  railties (3.2.13) lib/rails/engine.rb:479:in `call'
  railties (3.2.13) lib/rails/application.rb:223:in `call'
  rack (1.4.5) lib/rack/content_length.rb:14:in `call'
  railties (3.2.13) lib/rails/rack/log_tailer.rb:17:in `call'
  rack (1.4.5) lib/rack/handler/webrick.rb:59:in `service'
  /Users/javier/.rvm/rubies/ruby-1.9.2-p320/lib/ruby/1.9.1/webrick/httpserver.rb:111:in `service'
  /Users/javier/.rvm/rubies/ruby-1.9.2-p320/lib/ruby/1.9.1/webrick/httpserver.rb:70:in `run'
  /Users/javier/.rvm/rubies/ruby-1.9.2-p320/lib/ruby/1.9.1/webrick/server.rb:183:in `block in start_thread'


Started GET "/assets/favicon_32x32-719f90734cf2383eb74b6c1990a93225.ico" for 127.0.0.1 at 2013-04-02 12:34:37 +0200

ActionController::RoutingError (No route matches [GET] "/assets/favicon_32x32-719f90734cf2383eb74b6c1990a93225.ico"):
  actionpack (3.2.13) lib/action_dispatch/middleware/debug_exceptions.rb:21:in `call'
  actionpack (3.2.13) lib/action_dispatch/middleware/show_exceptions.rb:56:in `call'
  railties (3.2.13) lib/rails/rack/logger.rb:32:in `call_app'
  railties (3.2.13) lib/rails/rack/logger.rb:16:in `block in call'
  activesupport (3.2.13) lib/active_support/tagged_logging.rb:22:in `tagged'
  railties (3.2.13) lib/rails/rack/logger.rb:16:in `call'
  actionpack (3.2.13) lib/action_dispatch/middleware/request_id.rb:22:in `call'
  rack (1.4.5) lib/rack/methodoverride.rb:21:in `call'
  rack (1.4.5) lib/rack/runtime.rb:17:in `call'
  activesupport (3.2.13) lib/active_support/cache/strategy/local_cache.rb:72:in `call'
  rack (1.4.5) lib/rack/lock.rb:15:in `call'
  rack-cache (1.2) lib/rack/cache/context.rb:136:in `forward'
  rack-cache (1.2) lib/rack/cache/context.rb:245:in `fetch'
  rack-cache (1.2) lib/rack/cache/context.rb:185:in `lookup'
  rack-cache (1.2) lib/rack/cache/context.rb:66:in `call!'
  rack-cache (1.2) lib/rack/cache/context.rb:51:in `call'
  railties (3.2.13) lib/rails/engine.rb:479:in `call'
  railties (3.2.13) lib/rails/application.rb:223:in `call'
  rack (1.4.5) lib/rack/content_length.rb:14:in `call'
  railties (3.2.13) lib/rails/rack/log_tailer.rb:17:in `call'
  rack (1.4.5) lib/rack/handler/webrick.rb:59:in `service'
  /Users/javier/.rvm/rubies/ruby-1.9.2-p320/lib/ruby/1.9.1/webrick/httpserver.rb:111:in `service'
  /Users/javier/.rvm/rubies/ruby-1.9.2-p320/lib/ruby/1.9.1/webrick/httpserver.rb:70:in `run'
  /Users/javier/.rvm/rubies/ruby-1.9.2-p320/lib/ruby/1.9.1/webrick/server.rb:183:in `block in start_thread'


Started GET "/assets/favicon_32x32-719f90734cf2383eb74b6c1990a93225.ico" for 127.0.0.1 at 2013-04-02 12:34:37 +0200

ActionController::RoutingError (No route matches [GET] "/assets/favicon_32x32-719f90734cf2383eb74b6c1990a93225.ico"):
  actionpack (3.2.13) lib/action_dispatch/middleware/debug_exceptions.rb:21:in `call'
  actionpack (3.2.13) lib/action_dispatch/middleware/show_exceptions.rb:56:in `call'
  railties (3.2.13) lib/rails/rack/logger.rb:32:in `call_app'
  railties (3.2.13) lib/rails/rack/logger.rb:16:in `block in call'
  activesupport (3.2.13) lib/active_support/tagged_logging.rb:22:in `tagged'
  railties (3.2.13) lib/rails/rack/logger.rb:16:in `call'
  actionpack (3.2.13) lib/action_dispatch/middleware/request_id.rb:22:in `call'
  rack (1.4.5) lib/rack/methodoverride.rb:21:in `call'
  rack (1.4.5) lib/rack/runtime.rb:17:in `call'
  activesupport (3.2.13) lib/active_support/cache/strategy/local_cache.rb:72:in `call'
  rack (1.4.5) lib/rack/lock.rb:15:in `call'
  rack-cache (1.2) lib/rack/cache/context.rb:136:in `forward'
  rack-cache (1.2) lib/rack/cache/context.rb:245:in `fetch'
  rack-cache (1.2) lib/rack/cache/context.rb:185:in `lookup'
  rack-cache (1.2) lib/rack/cache/context.rb:66:in `call!'
  rack-cache (1.2) lib/rack/cache/context.rb:51:in `call'
  railties (3.2.13) lib/rails/engine.rb:479:in `call'
  railties (3.2.13) lib/rails/application.rb:223:in `call'
  rack (1.4.5) lib/rack/content_length.rb:14:in `call'
  railties (3.2.13) lib/rails/rack/log_tailer.rb:17:in `call'
  rack (1.4.5) lib/rack/handler/webrick.rb:59:in `service'
  /Users/javier/.rvm/rubies/ruby-1.9.2-p320/lib/ruby/1.9.1/webrick/httpserver.rb:111:in `service'
  /Users/javier/.rvm/rubies/ruby-1.9.2-p320/lib/ruby/1.9.1/webrick/httpserver.rb:70:in `run'
  /Users/javier/.rvm/rubies/ruby-1.9.2-p320/lib/ruby/1.9.1/webrick/server.rb:183:in `block in start_thread'


Started GET "/assets/favicon_32x32-719f90734cf2383eb74b6c1990a93225.ico" for 127.0.0.1 at 2013-04-02 12:34:37 +0200

ActionController::RoutingError (No route matches [GET] "/assets/favicon_32x32-719f90734cf2383eb74b6c1990a93225.ico"):
  actionpack (3.2.13) lib/action_dispatch/middleware/debug_exceptions.rb:21:in `call'
  actionpack (3.2.13) lib/action_dispatch/middleware/show_exceptions.rb:56:in `call'
  railties (3.2.13) lib/rails/rack/logger.rb:32:in `call_app'
  railties (3.2.13) lib/rails/rack/logger.rb:16:in `block in call'
  activesupport (3.2.13) lib/active_support/tagged_logging.rb:22:in `tagged'
  railties (3.2.13) lib/rails/rack/logger.rb:16:in `call'
  actionpack (3.2.13) lib/action_dispatch/middleware/request_id.rb:22:in `call'
  rack (1.4.5) lib/rack/methodoverride.rb:21:in `call'
  rack (1.4.5) lib/rack/runtime.rb:17:in `call'
  activesupport (3.2.13) lib/active_support/cache/strategy/local_cache.rb:72:in `call'
  rack (1.4.5) lib/rack/lock.rb:15:in `call'
  rack-cache (1.2) lib/rack/cache/context.rb:136:in `forward'
  rack-cache (1.2) lib/rack/cache/context.rb:245:in `fetch'
  rack-cache (1.2) lib/rack/cache/context.rb:185:in `lookup'
  rack-cache (1.2) lib/rack/cache/context.rb:66:in `call!'
  rack-cache (1.2) lib/rack/cache/context.rb:51:in `call'
  railties (3.2.13) lib/rails/engine.rb:479:in `call'
  railties (3.2.13) lib/rails/application.rb:223:in `call'
  rack (1.4.5) lib/rack/content_length.rb:14:in `call'
  railties (3.2.13) lib/rails/rack/log_tailer.rb:17:in `call'
  rack (1.4.5) lib/rack/handler/webrick.rb:59:in `service'
  /Users/javier/.rvm/rubies/ruby-1.9.2-p320/lib/ruby/1.9.1/webrick/httpserver.rb:111:in `service'
  /Users/javier/.rvm/rubies/ruby-1.9.2-p320/lib/ruby/1.9.1/webrick/httpserver.rb:70:in `run'
  /Users/javier/.rvm/rubies/ruby-1.9.2-p320/lib/ruby/1.9.1/webrick/server.rb:183:in `block in start_thread'


Started GET "/assets/favicon_32x32-719f90734cf2383eb74b6c1990a93225.ico" for 127.0.0.1 at 2013-04-02 12:34:37 +0200

ActionController::RoutingError (No route matches [GET] "/assets/favicon_32x32-719f90734cf2383eb74b6c1990a93225.ico"):
  actionpack (3.2.13) lib/action_dispatch/middleware/debug_exceptions.rb:21:in `call'
  actionpack (3.2.13) lib/action_dispatch/middleware/show_exceptions.rb:56:in `call'
  railties (3.2.13) lib/rails/rack/logger.rb:32:in `call_app'
  railties (3.2.13) lib/rails/rack/logger.rb:16:in `block in call'
  activesupport (3.2.13) lib/active_support/tagged_logging.rb:22:in `tagged'
  railties (3.2.13) lib/rails/rack/logger.rb:16:in `call'
  actionpack (3.2.13) lib/action_dispatch/middleware/request_id.rb:22:in `call'
  rack (1.4.5) lib/rack/methodoverride.rb:21:in `call'
  rack (1.4.5) lib/rack/runtime.rb:17:in `call'
  activesupport (3.2.13) lib/active_support/cache/strategy/local_cache.rb:72:in `call'
  rack (1.4.5) lib/rack/lock.rb:15:in `call'
  rack-cache (1.2) lib/rack/cache/context.rb:136:in `forward'
  rack-cache (1.2) lib/rack/cache/context.rb:245:in `fetch'
  rack-cache (1.2) lib/rack/cache/context.rb:185:in `lookup'
  rack-cache (1.2) lib/rack/cache/context.rb:66:in `call!'
  rack-cache (1.2) lib/rack/cache/context.rb:51:in `call'
  railties (3.2.13) lib/rails/engine.rb:479:in `call'
  railties (3.2.13) lib/rails/application.rb:223:in `call'
  rack (1.4.5) lib/rack/content_length.rb:14:in `call'
  railties (3.2.13) lib/rails/rack/log_tailer.rb:17:in `call'
  rack (1.4.5) lib/rack/handler/webrick.rb:59:in `service'
  /Users/javier/.rvm/rubies/ruby-1.9.2-p320/lib/ruby/1.9.1/webrick/httpserver.rb:111:in `service'
  /Users/javier/.rvm/rubies/ruby-1.9.2-p320/lib/ruby/1.9.1/webrick/httpserver.rb:70:in `run'
  /Users/javier/.rvm/rubies/ruby-1.9.2-p320/lib/ruby/1.9.1/webrick/server.rb:183:in `block in start_thread'


Started GET "/assets/favicon_32x32-719f90734cf2383eb74b6c1990a93225.ico" for 127.0.0.1 at 2013-04-02 12:34:39 +0200

ActionController::RoutingError (No route matches [GET] "/assets/favicon_32x32-719f90734cf2383eb74b6c1990a93225.ico"):
  actionpack (3.2.13) lib/action_dispatch/middleware/debug_exceptions.rb:21:in `call'
  actionpack (3.2.13) lib/action_dispatch/middleware/show_exceptions.rb:56:in `call'
  railties (3.2.13) lib/rails/rack/logger.rb:32:in `call_app'
  railties (3.2.13) lib/rails/rack/logger.rb:16:in `block in call'
  activesupport (3.2.13) lib/active_support/tagged_logging.rb:22:in `tagged'
  railties (3.2.13) lib/rails/rack/logger.rb:16:in `call'
  actionpack (3.2.13) lib/action_dispatch/middleware/request_id.rb:22:in `call'
  rack (1.4.5) lib/rack/methodoverride.rb:21:in `call'
  rack (1.4.5) lib/rack/runtime.rb:17:in `call'
  activesupport (3.2.13) lib/active_support/cache/strategy/local_cache.rb:72:in `call'
  rack (1.4.5) lib/rack/lock.rb:15:in `call'
  rack-cache (1.2) lib/rack/cache/context.rb:136:in `forward'
  rack-cache (1.2) lib/rack/cache/context.rb:245:in `fetch'
  rack-cache (1.2) lib/rack/cache/context.rb:185:in `lookup'
  rack-cache (1.2) lib/rack/cache/context.rb:66:in `call!'
  rack-cache (1.2) lib/rack/cache/context.rb:51:in `call'
  railties (3.2.13) lib/rails/engine.rb:479:in `call'
  railties (3.2.13) lib/rails/application.rb:223:in `call'
  rack (1.4.5) lib/rack/content_length.rb:14:in `call'
  railties (3.2.13) lib/rails/rack/log_tailer.rb:17:in `call'
  rack (1.4.5) lib/rack/handler/webrick.rb:59:in `service'
  /Users/javier/.rvm/rubies/ruby-1.9.2-p320/lib/ruby/1.9.1/webrick/httpserver.rb:111:in `service'
  /Users/javier/.rvm/rubies/ruby-1.9.2-p320/lib/ruby/1.9.1/webrick/httpserver.rb:70:in `run'
  /Users/javier/.rvm/rubies/ruby-1.9.2-p320/lib/ruby/1.9.1/webrick/server.rb:183:in `block in start_thread'


Started GET "/assets/application-eb8afffade05c33b4b49cc17d4bb38d4.css" for 127.0.0.1 at 2013-04-02 12:34:42 +0200

ActionController::RoutingError (No route matches [GET] "/assets/application-eb8afffade05c33b4b49cc17d4bb38d4.css"):
  actionpack (3.2.13) lib/action_dispatch/middleware/debug_exceptions.rb:21:in `call'
  actionpack (3.2.13) lib/action_dispatch/middleware/show_exceptions.rb:56:in `call'
  railties (3.2.13) lib/rails/rack/logger.rb:32:in `call_app'
  railties (3.2.13) lib/rails/rack/logger.rb:16:in `block in call'
  activesupport (3.2.13) lib/active_support/tagged_logging.rb:22:in `tagged'
  railties (3.2.13) lib/rails/rack/logger.rb:16:in `call'
  actionpack (3.2.13) lib/action_dispatch/middleware/request_id.rb:22:in `call'
  rack (1.4.5) lib/rack/methodoverride.rb:21:in `call'
  rack (1.4.5) lib/rack/runtime.rb:17:in `call'
  activesupport (3.2.13) lib/active_support/cache/strategy/local_cache.rb:72:in `call'
  rack (1.4.5) lib/rack/lock.rb:15:in `call'
  rack-cache (1.2) lib/rack/cache/context.rb:136:in `forward'
  rack-cache (1.2) lib/rack/cache/context.rb:245:in `fetch'
  rack-cache (1.2) lib/rack/cache/context.rb:185:in `lookup'
  rack-cache (1.2) lib/rack/cache/context.rb:66:in `call!'
  rack-cache (1.2) lib/rack/cache/context.rb:51:in `call'
  railties (3.2.13) lib/rails/engine.rb:479:in `call'
  railties (3.2.13) lib/rails/application.rb:223:in `call'
  rack (1.4.5) lib/rack/content_length.rb:14:in `call'
  railties (3.2.13) lib/rails/rack/log_tailer.rb:17:in `call'
  rack (1.4.5) lib/rack/handler/webrick.rb:59:in `service'
  /Users/javier/.rvm/rubies/ruby-1.9.2-p320/lib/ruby/1.9.1/webrick/httpserver.rb:111:in `service'
  /Users/javier/.rvm/rubies/ruby-1.9.2-p320/lib/ruby/1.9.1/webrick/httpserver.rb:70:in `run'
  /Users/javier/.rvm/rubies/ruby-1.9.2-p320/lib/ruby/1.9.1/webrick/server.rb:183:in `block in start_thread'


Started GET "/" for 127.0.0.1 at 2013-04-02 12:35:05 +0200
Processing by HomeController#index as HTML
  Rendered common/_filters.html.erb (0.0ms)
  Rendered common/_map.html.erb (1.1ms)
  Rendered common/_crowdsourcing.html.erb (0.0ms)
  Rendered sources/_sources.html.erb (0.0ms)
  Rendered home/index.html.erb within layouts/application (6.0ms)
  Rendered common/_nav.html.erb (6.9ms)
  Rendered common/_header.html.erb (7.4ms)
  Rendered common/_share.html.erb (0.0ms)
  Rendered common/_subscribe.html.erb (0.6ms)
  Rendered common/_analysis.html.erb (0.0ms)
  Rendered common/_footer.html.erb (0.4ms)
  Rendered common/_js_templates.html.erb (0.1ms)
  Rendered common/_countries.html.erb (350.8ms)
Completed 200 OK in 764ms (Views: 368.2ms)
Started GET "/assets/application-a609bf31dbebcce8a6845a0760ed7b16.js" for 127.0.0.1 at 2013-04-02 12:35:06 +0200

ActionController::RoutingError (No route matches [GET] "/assets/application-a609bf31dbebcce8a6845a0760ed7b16.js"):
  actionpack (3.2.13) lib/action_dispatch/middleware/debug_exceptions.rb:21:in `call'
  actionpack (3.2.13) lib/action_dispatch/middleware/show_exceptions.rb:56:in `call'
  railties (3.2.13) lib/rails/rack/logger.rb:32:in `call_app'
  railties (3.2.13) lib/rails/rack/logger.rb:16:in `block in call'
  activesupport (3.2.13) lib/active_support/tagged_logging.rb:22:in `tagged'
  railties (3.2.13) lib/rails/rack/logger.rb:16:in `call'
  actionpack (3.2.13) lib/action_dispatch/middleware/request_id.rb:22:in `call'
  rack (1.4.5) lib/rack/methodoverride.rb:21:in `call'
  rack (1.4.5) lib/rack/runtime.rb:17:in `call'
  activesupport (3.2.13) lib/active_support/cache/strategy/local_cache.rb:72:in `call'
  rack (1.4.5) lib/rack/lock.rb:15:in `call'
  rack-cache (1.2) lib/rack/cache/context.rb:136:in `forward'
  rack-cache (1.2) lib/rack/cache/context.rb:245:in `fetch'
  rack-cache (1.2) lib/rack/cache/context.rb:185:in `lookup'
  rack-cache (1.2) lib/rack/cache/context.rb:66:in `call!'
  rack-cache (1.2) lib/rack/cache/context.rb:51:in `call'
  railties (3.2.13) lib/rails/engine.rb:479:in `call'
  railties (3.2.13) lib/rails/application.rb:223:in `call'
  rack (1.4.5) lib/rack/content_length.rb:14:in `call'
  railties (3.2.13) lib/rails/rack/log_tailer.rb:17:in `call'
  rack (1.4.5) lib/rack/handler/webrick.rb:59:in `service'
  /Users/javier/.rvm/rubies/ruby-1.9.2-p320/lib/ruby/1.9.1/webrick/httpserver.rb:111:in `service'
  /Users/javier/.rvm/rubies/ruby-1.9.2-p320/lib/ruby/1.9.1/webrick/httpserver.rb:70:in `run'
  /Users/javier/.rvm/rubies/ruby-1.9.2-p320/lib/ruby/1.9.1/webrick/server.rb:183:in `block in start_thread'


Started GET "/assets/application-eb8afffade05c33b4b49cc17d4bb38d4.css" for 127.0.0.1 at 2013-04-02 12:35:06 +0200

ActionController::RoutingError (No route matches [GET] "/assets/application-eb8afffade05c33b4b49cc17d4bb38d4.css"):
  actionpack (3.2.13) lib/action_dispatch/middleware/debug_exceptions.rb:21:in `call'
  actionpack (3.2.13) lib/action_dispatch/middleware/show_exceptions.rb:56:in `call'
  railties (3.2.13) lib/rails/rack/logger.rb:32:in `call_app'
  railties (3.2.13) lib/rails/rack/logger.rb:16:in `block in call'
  activesupport (3.2.13) lib/active_support/tagged_logging.rb:22:in `tagged'
  railties (3.2.13) lib/rails/rack/logger.rb:16:in `call'
  actionpack (3.2.13) lib/action_dispatch/middleware/request_id.rb:22:in `call'
  rack (1.4.5) lib/rack/methodoverride.rb:21:in `call'
  rack (1.4.5) lib/rack/runtime.rb:17:in `call'
  activesupport (3.2.13) lib/active_support/cache/strategy/local_cache.rb:72:in `call'
  rack (1.4.5) lib/rack/lock.rb:15:in `call'
  rack-cache (1.2) lib/rack/cache/context.rb:136:in `forward'
  rack-cache (1.2) lib/rack/cache/context.rb:245:in `fetch'
  rack-cache (1.2) lib/rack/cache/context.rb:185:in `lookup'
  rack-cache (1.2) lib/rack/cache/context.rb:66:in `call!'
  rack-cache (1.2) lib/rack/cache/context.rb:51:in `call'
  railties (3.2.13) lib/rails/engine.rb:479:in `call'
  railties (3.2.13) lib/rails/application.rb:223:in `call'
  rack (1.4.5) lib/rack/content_length.rb:14:in `call'
  railties (3.2.13) lib/rails/rack/log_tailer.rb:17:in `call'
  rack (1.4.5) lib/rack/handler/webrick.rb:59:in `service'
  /Users/javier/.rvm/rubies/ruby-1.9.2-p320/lib/ruby/1.9.1/webrick/httpserver.rb:111:in `service'
  /Users/javier/.rvm/rubies/ruby-1.9.2-p320/lib/ruby/1.9.1/webrick/httpserver.rb:70:in `run'
  /Users/javier/.rvm/rubies/ruby-1.9.2-p320/lib/ruby/1.9.1/webrick/server.rb:183:in `block in start_thread'


Started GET "/assets/favicon_32x32-719f90734cf2383eb74b6c1990a93225.ico" for 127.0.0.1 at 2013-04-02 12:35:07 +0200

ActionController::RoutingError (No route matches [GET] "/assets/favicon_32x32-719f90734cf2383eb74b6c1990a93225.ico"):
  actionpack (3.2.13) lib/action_dispatch/middleware/debug_exceptions.rb:21:in `call'
  actionpack (3.2.13) lib/action_dispatch/middleware/show_exceptions.rb:56:in `call'
  railties (3.2.13) lib/rails/rack/logger.rb:32:in `call_app'
  railties (3.2.13) lib/rails/rack/logger.rb:16:in `block in call'
  activesupport (3.2.13) lib/active_support/tagged_logging.rb:22:in `tagged'
  railties (3.2.13) lib/rails/rack/logger.rb:16:in `call'
  actionpack (3.2.13) lib/action_dispatch/middleware/request_id.rb:22:in `call'
  rack (1.4.5) lib/rack/methodoverride.rb:21:in `call'
  rack (1.4.5) lib/rack/runtime.rb:17:in `call'
  activesupport (3.2.13) lib/active_support/cache/strategy/local_cache.rb:72:in `call'
  rack (1.4.5) lib/rack/lock.rb:15:in `call'
  rack-cache (1.2) lib/rack/cache/context.rb:136:in `forward'
  rack-cache (1.2) lib/rack/cache/context.rb:245:in `fetch'
  rack-cache (1.2) lib/rack/cache/context.rb:185:in `lookup'
  rack-cache (1.2) lib/rack/cache/context.rb:66:in `call!'
  rack-cache (1.2) lib/rack/cache/context.rb:51:in `call'
  railties (3.2.13) lib/rails/engine.rb:479:in `call'
  railties (3.2.13) lib/rails/application.rb:223:in `call'
  rack (1.4.5) lib/rack/content_length.rb:14:in `call'
  railties (3.2.13) lib/rails/rack/log_tailer.rb:17:in `call'
  rack (1.4.5) lib/rack/handler/webrick.rb:59:in `service'
  /Users/javier/.rvm/rubies/ruby-1.9.2-p320/lib/ruby/1.9.1/webrick/httpserver.rb:111:in `service'
  /Users/javier/.rvm/rubies/ruby-1.9.2-p320/lib/ruby/1.9.1/webrick/httpserver.rb:70:in `run'
  /Users/javier/.rvm/rubies/ruby-1.9.2-p320/lib/ruby/1.9.1/webrick/server.rb:183:in `block in start_thread'


Started GET "/assets/favicon_32x32-719f90734cf2383eb74b6c1990a93225.ico" for 127.0.0.1 at 2013-04-02 12:35:07 +0200

ActionController::RoutingError (No route matches [GET] "/assets/favicon_32x32-719f90734cf2383eb74b6c1990a93225.ico"):
  actionpack (3.2.13) lib/action_dispatch/middleware/debug_exceptions.rb:21:in `call'
  actionpack (3.2.13) lib/action_dispatch/middleware/show_exceptions.rb:56:in `call'
  railties (3.2.13) lib/rails/rack/logger.rb:32:in `call_app'
  railties (3.2.13) lib/rails/rack/logger.rb:16:in `block in call'
  activesupport (3.2.13) lib/active_support/tagged_logging.rb:22:in `tagged'
  railties (3.2.13) lib/rails/rack/logger.rb:16:in `call'
  actionpack (3.2.13) lib/action_dispatch/middleware/request_id.rb:22:in `call'
  rack (1.4.5) lib/rack/methodoverride.rb:21:in `call'
  rack (1.4.5) lib/rack/runtime.rb:17:in `call'
  activesupport (3.2.13) lib/active_support/cache/strategy/local_cache.rb:72:in `call'
  rack (1.4.5) lib/rack/lock.rb:15:in `call'
  rack-cache (1.2) lib/rack/cache/context.rb:136:in `forward'
  rack-cache (1.2) lib/rack/cache/context.rb:245:in `fetch'
  rack-cache (1.2) lib/rack/cache/context.rb:185:in `lookup'
  rack-cache (1.2) lib/rack/cache/context.rb:66:in `call!'
  rack-cache (1.2) lib/rack/cache/context.rb:51:in `call'
  railties (3.2.13) lib/rails/engine.rb:479:in `call'
  railties (3.2.13) lib/rails/application.rb:223:in `call'
  rack (1.4.5) lib/rack/content_length.rb:14:in `call'
  railties (3.2.13) lib/rails/rack/log_tailer.rb:17:in `call'
  rack (1.4.5) lib/rack/handler/webrick.rb:59:in `service'
  /Users/javier/.rvm/rubies/ruby-1.9.2-p320/lib/ruby/1.9.1/webrick/httpserver.rb:111:in `service'
  /Users/javier/.rvm/rubies/ruby-1.9.2-p320/lib/ruby/1.9.1/webrick/httpserver.rb:70:in `run'
  /Users/javier/.rvm/rubies/ruby-1.9.2-p320/lib/ruby/1.9.1/webrick/server.rb:183:in `block in start_thread'


Started GET "/assets/favicon_32x32-719f90734cf2383eb74b6c1990a93225.ico" for 127.0.0.1 at 2013-04-02 12:35:08 +0200

ActionController::RoutingError (No route matches [GET] "/assets/favicon_32x32-719f90734cf2383eb74b6c1990a93225.ico"):
  actionpack (3.2.13) lib/action_dispatch/middleware/debug_exceptions.rb:21:in `call'
  actionpack (3.2.13) lib/action_dispatch/middleware/show_exceptions.rb:56:in `call'
  railties (3.2.13) lib/rails/rack/logger.rb:32:in `call_app'
  railties (3.2.13) lib/rails/rack/logger.rb:16:in `block in call'
  activesupport (3.2.13) lib/active_support/tagged_logging.rb:22:in `tagged'
  railties (3.2.13) lib/rails/rack/logger.rb:16:in `call'
  actionpack (3.2.13) lib/action_dispatch/middleware/request_id.rb:22:in `call'
  rack (1.4.5) lib/rack/methodoverride.rb:21:in `call'
  rack (1.4.5) lib/rack/runtime.rb:17:in `call'
  activesupport (3.2.13) lib/active_support/cache/strategy/local_cache.rb:72:in `call'
  rack (1.4.5) lib/rack/lock.rb:15:in `call'
  rack-cache (1.2) lib/rack/cache/context.rb:136:in `forward'
  rack-cache (1.2) lib/rack/cache/context.rb:245:in `fetch'
  rack-cache (1.2) lib/rack/cache/context.rb:185:in `lookup'
  rack-cache (1.2) lib/rack/cache/context.rb:66:in `call!'
  rack-cache (1.2) lib/rack/cache/context.rb:51:in `call'
  railties (3.2.13) lib/rails/engine.rb:479:in `call'
  railties (3.2.13) lib/rails/application.rb:223:in `call'
  rack (1.4.5) lib/rack/content_length.rb:14:in `call'
  railties (3.2.13) lib/rails/rack/log_tailer.rb:17:in `call'
  rack (1.4.5) lib/rack/handler/webrick.rb:59:in `service'
  /Users/javier/.rvm/rubies/ruby-1.9.2-p320/lib/ruby/1.9.1/webrick/httpserver.rb:111:in `service'
  /Users/javier/.rvm/rubies/ruby-1.9.2-p320/lib/ruby/1.9.1/webrick/httpserver.rb:70:in `run'
  /Users/javier/.rvm/rubies/ruby-1.9.2-p320/lib/ruby/1.9.1/webrick/server.rb:183:in `block in start_thread'


Started GET "/" for 127.0.0.1 at 2013-04-02 12:35:47 +0200
Processing by HomeController#index as HTML
  Rendered common/_filters.html.erb (0.4ms)
  Rendered common/_map.html.erb (1.9ms)
  Rendered common/_crowdsourcing.html.erb (0.3ms)
  Rendered sources/_sources.html.erb (0.9ms)
  Rendered home/index.html.erb within layouts/application (63.4ms)
  Rendered common/_nav.html.erb (7.9ms)
  Rendered common/_header.html.erb (9.6ms)
  Rendered common/_share.html.erb (0.4ms)
  Rendered common/_subscribe.html.erb (1.2ms)
  Rendered common/_analysis.html.erb (0.4ms)
  Rendered common/_footer.html.erb (1.2ms)
  Rendered common/_js_templates.html.erb (0.8ms)
  Rendered common/_countries.html.erb (352.4ms)
Completed 200 OK in 912ms (Views: 448.9ms)
Started GET "/stories.json?for-map=true" for 127.0.0.1 at 2013-04-02 12:35:50 +0200
Processing by StoriesController#index as JSON
  Parameters: {"for-map"=>"true"}
Completed 200 OK in 1542ms (Views: 7.0ms)
Started GET "/tmp/stories1.png" for 127.0.0.1 at 2013-04-02 12:35:52 +0200

ActionController::RoutingError (No route matches [GET] "/tmp/stories1.png"):
  actionpack (3.2.13) lib/action_dispatch/middleware/debug_exceptions.rb:21:in `call'
  actionpack (3.2.13) lib/action_dispatch/middleware/show_exceptions.rb:56:in `call'
  railties (3.2.13) lib/rails/rack/logger.rb:32:in `call_app'
  railties (3.2.13) lib/rails/rack/logger.rb:16:in `block in call'
  activesupport (3.2.13) lib/active_support/tagged_logging.rb:22:in `tagged'
  railties (3.2.13) lib/rails/rack/logger.rb:16:in `call'
  actionpack (3.2.13) lib/action_dispatch/middleware/request_id.rb:22:in `call'
  rack (1.4.5) lib/rack/methodoverride.rb:21:in `call'
  rack (1.4.5) lib/rack/runtime.rb:17:in `call'
  activesupport (3.2.13) lib/active_support/cache/strategy/local_cache.rb:72:in `call'
  rack (1.4.5) lib/rack/lock.rb:15:in `call'
  actionpack (3.2.13) lib/action_dispatch/middleware/static.rb:63:in `call'
  rack-cache (1.2) lib/rack/cache/context.rb:136:in `forward'
  rack-cache (1.2) lib/rack/cache/context.rb:245:in `fetch'
  rack-cache (1.2) lib/rack/cache/context.rb:185:in `lookup'
  rack-cache (1.2) lib/rack/cache/context.rb:66:in `call!'
  rack-cache (1.2) lib/rack/cache/context.rb:51:in `call'
  railties (3.2.13) lib/rails/engine.rb:479:in `call'
  railties (3.2.13) lib/rails/application.rb:223:in `call'
  rack (1.4.5) lib/rack/content_length.rb:14:in `call'
  railties (3.2.13) lib/rails/rack/log_tailer.rb:17:in `call'
  rack (1.4.5) lib/rack/handler/webrick.rb:59:in `service'
  /Users/javier/.rvm/rubies/ruby-1.9.2-p320/lib/ruby/1.9.1/webrick/httpserver.rb:111:in `service'
  /Users/javier/.rvm/rubies/ruby-1.9.2-p320/lib/ruby/1.9.1/webrick/httpserver.rb:70:in `run'
  /Users/javier/.rvm/rubies/ruby-1.9.2-p320/lib/ruby/1.9.1/webrick/server.rb:183:in `block in start_thread'


Started GET "/tmp/stories2.png" for 127.0.0.1 at 2013-04-02 12:35:52 +0200

ActionController::RoutingError (No route matches [GET] "/tmp/stories2.png"):
  actionpack (3.2.13) lib/action_dispatch/middleware/debug_exceptions.rb:21:in `call'
  actionpack (3.2.13) lib/action_dispatch/middleware/show_exceptions.rb:56:in `call'
  railties (3.2.13) lib/rails/rack/logger.rb:32:in `call_app'
  railties (3.2.13) lib/rails/rack/logger.rb:16:in `block in call'
  activesupport (3.2.13) lib/active_support/tagged_logging.rb:22:in `tagged'
  railties (3.2.13) lib/rails/rack/logger.rb:16:in `call'
  actionpack (3.2.13) lib/action_dispatch/middleware/request_id.rb:22:in `call'
  rack (1.4.5) lib/rack/methodoverride.rb:21:in `call'
  rack (1.4.5) lib/rack/runtime.rb:17:in `call'
  activesupport (3.2.13) lib/active_support/cache/strategy/local_cache.rb:72:in `call'
  rack (1.4.5) lib/rack/lock.rb:15:in `call'
  actionpack (3.2.13) lib/action_dispatch/middleware/static.rb:63:in `call'
  rack-cache (1.2) lib/rack/cache/context.rb:136:in `forward'
  rack-cache (1.2) lib/rack/cache/context.rb:245:in `fetch'
  rack-cache (1.2) lib/rack/cache/context.rb:185:in `lookup'
  rack-cache (1.2) lib/rack/cache/context.rb:66:in `call!'
  rack-cache (1.2) lib/rack/cache/context.rb:51:in `call'
  railties (3.2.13) lib/rails/engine.rb:479:in `call'
  railties (3.2.13) lib/rails/application.rb:223:in `call'
  rack (1.4.5) lib/rack/content_length.rb:14:in `call'
  railties (3.2.13) lib/rails/rack/log_tailer.rb:17:in `call'
  rack (1.4.5) lib/rack/handler/webrick.rb:59:in `service'
  /Users/javier/.rvm/rubies/ruby-1.9.2-p320/lib/ruby/1.9.1/webrick/httpserver.rb:111:in `service'
  /Users/javier/.rvm/rubies/ruby-1.9.2-p320/lib/ruby/1.9.1/webrick/httpserver.rb:70:in `run'
  /Users/javier/.rvm/rubies/ruby-1.9.2-p320/lib/ruby/1.9.1/webrick/server.rb:183:in `block in start_thread'


Started GET "/tmp/stories3.png" for 127.0.0.1 at 2013-04-02 12:35:52 +0200

ActionController::RoutingError (No route matches [GET] "/tmp/stories3.png"):
  actionpack (3.2.13) lib/action_dispatch/middleware/debug_exceptions.rb:21:in `call'
  actionpack (3.2.13) lib/action_dispatch/middleware/show_exceptions.rb:56:in `call'
  railties (3.2.13) lib/rails/rack/logger.rb:32:in `call_app'
  railties (3.2.13) lib/rails/rack/logger.rb:16:in `block in call'
  activesupport (3.2.13) lib/active_support/tagged_logging.rb:22:in `tagged'
  railties (3.2.13) lib/rails/rack/logger.rb:16:in `call'
  actionpack (3.2.13) lib/action_dispatch/middleware/request_id.rb:22:in `call'
  rack (1.4.5) lib/rack/methodoverride.rb:21:in `call'
  rack (1.4.5) lib/rack/runtime.rb:17:in `call'
  activesupport (3.2.13) lib/active_support/cache/strategy/local_cache.rb:72:in `call'
  rack (1.4.5) lib/rack/lock.rb:15:in `call'
  actionpack (3.2.13) lib/action_dispatch/middleware/static.rb:63:in `call'
  rack-cache (1.2) lib/rack/cache/context.rb:136:in `forward'
  rack-cache (1.2) lib/rack/cache/context.rb:245:in `fetch'
  rack-cache (1.2) lib/rack/cache/context.rb:185:in `lookup'
  rack-cache (1.2) lib/rack/cache/context.rb:66:in `call!'
  rack-cache (1.2) lib/rack/cache/context.rb:51:in `call'
  railties (3.2.13) lib/rails/engine.rb:479:in `call'
  railties (3.2.13) lib/rails/application.rb:223:in `call'
  rack (1.4.5) lib/rack/content_length.rb:14:in `call'
  railties (3.2.13) lib/rails/rack/log_tailer.rb:17:in `call'
  rack (1.4.5) lib/rack/handler/webrick.rb:59:in `service'
  /Users/javier/.rvm/rubies/ruby-1.9.2-p320/lib/ruby/1.9.1/webrick/httpserver.rb:111:in `service'
  /Users/javier/.rvm/rubies/ruby-1.9.2-p320/lib/ruby/1.9.1/webrick/httpserver.rb:70:in `run'
  /Users/javier/.rvm/rubies/ruby-1.9.2-p320/lib/ruby/1.9.1/webrick/server.rb:183:in `block in start_thread'


Started GET "/" for 192.168.1.7 at 2013-04-02 12:36:39 +0200
Processing by HomeController#index as HTML
  Rendered common/_filters.html.erb (0.0ms)
  Rendered common/_map.html.erb (1.7ms)
  Rendered common/_crowdsourcing.html.erb (0.0ms)
  Rendered sources/_sources.html.erb (0.0ms)
  Rendered home/index.html.erb within layouts/application (8.3ms)
  Rendered common/_nav.html.erb (10.3ms)
  Rendered common/_header.html.erb (11.1ms)
  Rendered common/_share.html.erb (0.0ms)
  Rendered common/_subscribe.html.erb (0.8ms)
  Rendered common/_analysis.html.erb (0.0ms)
  Rendered common/_footer.html.erb (0.4ms)
  Rendered common/_js_templates.html.erb (0.1ms)
  Rendered common/_countries.html.erb (362.5ms)
Completed 200 OK in 673ms (Views: 387.8ms)
Started GET "/stories.json?for-map=true" for 192.168.1.7 at 2013-04-02 12:36:51 +0200
Processing by StoriesController#index as JSON
  Parameters: {"for-map"=>"true"}
Completed 200 OK in 1304ms (Views: 7.8ms)
Started GET "/tmp/stories1.png" for 192.168.1.7 at 2013-04-02 12:36:54 +0200

ActionController::RoutingError (No route matches [GET] "/tmp/stories1.png"):
  actionpack (3.2.13) lib/action_dispatch/middleware/debug_exceptions.rb:21:in `call'
  actionpack (3.2.13) lib/action_dispatch/middleware/show_exceptions.rb:56:in `call'
  railties (3.2.13) lib/rails/rack/logger.rb:32:in `call_app'
  railties (3.2.13) lib/rails/rack/logger.rb:16:in `block in call'
  activesupport (3.2.13) lib/active_support/tagged_logging.rb:22:in `tagged'
  railties (3.2.13) lib/rails/rack/logger.rb:16:in `call'
  actionpack (3.2.13) lib/action_dispatch/middleware/request_id.rb:22:in `call'
  rack (1.4.5) lib/rack/methodoverride.rb:21:in `call'
  rack (1.4.5) lib/rack/runtime.rb:17:in `call'
  activesupport (3.2.13) lib/active_support/cache/strategy/local_cache.rb:72:in `call'
  rack (1.4.5) lib/rack/lock.rb:15:in `call'
  actionpack (3.2.13) lib/action_dispatch/middleware/static.rb:63:in `call'
  rack-cache (1.2) lib/rack/cache/context.rb:136:in `forward'
  rack-cache (1.2) lib/rack/cache/context.rb:245:in `fetch'
  rack-cache (1.2) lib/rack/cache/context.rb:185:in `lookup'
  rack-cache (1.2) lib/rack/cache/context.rb:66:in `call!'
  rack-cache (1.2) lib/rack/cache/context.rb:51:in `call'
  railties (3.2.13) lib/rails/engine.rb:479:in `call'
  railties (3.2.13) lib/rails/application.rb:223:in `call'
  rack (1.4.5) lib/rack/content_length.rb:14:in `call'
  railties (3.2.13) lib/rails/rack/log_tailer.rb:17:in `call'
  rack (1.4.5) lib/rack/handler/webrick.rb:59:in `service'
  /Users/javier/.rvm/rubies/ruby-1.9.2-p320/lib/ruby/1.9.1/webrick/httpserver.rb:111:in `service'
  /Users/javier/.rvm/rubies/ruby-1.9.2-p320/lib/ruby/1.9.1/webrick/httpserver.rb:70:in `run'
  /Users/javier/.rvm/rubies/ruby-1.9.2-p320/lib/ruby/1.9.1/webrick/server.rb:183:in `block in start_thread'


Started GET "/tmp/stories2.png" for 192.168.1.7 at 2013-04-02 12:36:54 +0200

ActionController::RoutingError (No route matches [GET] "/tmp/stories2.png"):
  actionpack (3.2.13) lib/action_dispatch/middleware/debug_exceptions.rb:21:in `call'
  actionpack (3.2.13) lib/action_dispatch/middleware/show_exceptions.rb:56:in `call'
  railties (3.2.13) lib/rails/rack/logger.rb:32:in `call_app'
  railties (3.2.13) lib/rails/rack/logger.rb:16:in `block in call'
  activesupport (3.2.13) lib/active_support/tagged_logging.rb:22:in `tagged'
  railties (3.2.13) lib/rails/rack/logger.rb:16:in `call'
  actionpack (3.2.13) lib/action_dispatch/middleware/request_id.rb:22:in `call'
  rack (1.4.5) lib/rack/methodoverride.rb:21:in `call'
  rack (1.4.5) lib/rack/runtime.rb:17:in `call'
  activesupport (3.2.13) lib/active_support/cache/strategy/local_cache.rb:72:in `call'
  rack (1.4.5) lib/rack/lock.rb:15:in `call'
  actionpack (3.2.13) lib/action_dispatch/middleware/static.rb:63:in `call'
  rack-cache (1.2) lib/rack/cache/context.rb:136:in `forward'
  rack-cache (1.2) lib/rack/cache/context.rb:245:in `fetch'
  rack-cache (1.2) lib/rack/cache/context.rb:185:in `lookup'
  rack-cache (1.2) lib/rack/cache/context.rb:66:in `call!'
  rack-cache (1.2) lib/rack/cache/context.rb:51:in `call'
  railties (3.2.13) lib/rails/engine.rb:479:in `call'
  railties (3.2.13) lib/rails/application.rb:223:in `call'
  rack (1.4.5) lib/rack/content_length.rb:14:in `call'
  railties (3.2.13) lib/rails/rack/log_tailer.rb:17:in `call'
  rack (1.4.5) lib/rack/handler/webrick.rb:59:in `service'
  /Users/javier/.rvm/rubies/ruby-1.9.2-p320/lib/ruby/1.9.1/webrick/httpserver.rb:111:in `service'
  /Users/javier/.rvm/rubies/ruby-1.9.2-p320/lib/ruby/1.9.1/webrick/httpserver.rb:70:in `run'
  /Users/javier/.rvm/rubies/ruby-1.9.2-p320/lib/ruby/1.9.1/webrick/server.rb:183:in `block in start_thread'


Started GET "/tmp/stories3.png" for 192.168.1.7 at 2013-04-02 12:36:54 +0200

ActionController::RoutingError (No route matches [GET] "/tmp/stories3.png"):
  actionpack (3.2.13) lib/action_dispatch/middleware/debug_exceptions.rb:21:in `call'
  actionpack (3.2.13) lib/action_dispatch/middleware/show_exceptions.rb:56:in `call'
  railties (3.2.13) lib/rails/rack/logger.rb:32:in `call_app'
  railties (3.2.13) lib/rails/rack/logger.rb:16:in `block in call'
  activesupport (3.2.13) lib/active_support/tagged_logging.rb:22:in `tagged'
  railties (3.2.13) lib/rails/rack/logger.rb:16:in `call'
  actionpack (3.2.13) lib/action_dispatch/middleware/request_id.rb:22:in `call'
  rack (1.4.5) lib/rack/methodoverride.rb:21:in `call'
  rack (1.4.5) lib/rack/runtime.rb:17:in `call'
  activesupport (3.2.13) lib/active_support/cache/strategy/local_cache.rb:72:in `call'
  rack (1.4.5) lib/rack/lock.rb:15:in `call'
  actionpack (3.2.13) lib/action_dispatch/middleware/static.rb:63:in `call'
  rack-cache (1.2) lib/rack/cache/context.rb:136:in `forward'
  rack-cache (1.2) lib/rack/cache/context.rb:245:in `fetch'
  rack-cache (1.2) lib/rack/cache/context.rb:185:in `lookup'
  rack-cache (1.2) lib/rack/cache/context.rb:66:in `call!'
  rack-cache (1.2) lib/rack/cache/context.rb:51:in `call'
  railties (3.2.13) lib/rails/engine.rb:479:in `call'
  railties (3.2.13) lib/rails/application.rb:223:in `call'
  rack (1.4.5) lib/rack/content_length.rb:14:in `call'
  railties (3.2.13) lib/rails/rack/log_tailer.rb:17:in `call'
  rack (1.4.5) lib/rack/handler/webrick.rb:59:in `service'
  /Users/javier/.rvm/rubies/ruby-1.9.2-p320/lib/ruby/1.9.1/webrick/httpserver.rb:111:in `service'
  /Users/javier/.rvm/rubies/ruby-1.9.2-p320/lib/ruby/1.9.1/webrick/httpserver.rb:70:in `run'
  /Users/javier/.rvm/rubies/ruby-1.9.2-p320/lib/ruby/1.9.1/webrick/server.rb:183:in `block in start_thread'


Started GET "/" for 192.168.1.7 at 2013-04-02 12:37:23 +0200
Processing by HomeController#index as HTML
  Rendered common/_filters.html.erb (0.0ms)
  Rendered common/_map.html.erb (1.7ms)
  Rendered common/_crowdsourcing.html.erb (0.0ms)
  Rendered sources/_sources.html.erb (0.0ms)
  Rendered home/index.html.erb within layouts/application (7.7ms)
  Rendered common/_nav.html.erb (7.8ms)
  Rendered common/_header.html.erb (8.5ms)
  Rendered common/_share.html.erb (0.0ms)
  Rendered common/_subscribe.html.erb (0.8ms)
  Rendered common/_analysis.html.erb (0.0ms)
  Rendered common/_footer.html.erb (0.4ms)
  Rendered common/_js_templates.html.erb (0.0ms)
  Rendered common/_countries.html.erb (281.3ms)
Completed 200 OK in 926ms (Views: 302.3ms)
Started GET "/stories.json?for-map=true" for 192.168.1.7 at 2013-04-02 12:37:27 +0200
Processing by StoriesController#index as JSON
  Parameters: {"for-map"=>"true"}
Completed 200 OK in 899ms (Views: 7.9ms)
Started GET "/tmp/stories1.png" for 192.168.1.7 at 2013-04-02 12:37:28 +0200

ActionController::RoutingError (No route matches [GET] "/tmp/stories1.png"):
  actionpack (3.2.13) lib/action_dispatch/middleware/debug_exceptions.rb:21:in `call'
  actionpack (3.2.13) lib/action_dispatch/middleware/show_exceptions.rb:56:in `call'
  railties (3.2.13) lib/rails/rack/logger.rb:32:in `call_app'
  railties (3.2.13) lib/rails/rack/logger.rb:16:in `block in call'
  activesupport (3.2.13) lib/active_support/tagged_logging.rb:22:in `tagged'
  railties (3.2.13) lib/rails/rack/logger.rb:16:in `call'
  actionpack (3.2.13) lib/action_dispatch/middleware/request_id.rb:22:in `call'
  rack (1.4.5) lib/rack/methodoverride.rb:21:in `call'
  rack (1.4.5) lib/rack/runtime.rb:17:in `call'
  activesupport (3.2.13) lib/active_support/cache/strategy/local_cache.rb:72:in `call'
  rack (1.4.5) lib/rack/lock.rb:15:in `call'
  actionpack (3.2.13) lib/action_dispatch/middleware/static.rb:63:in `call'
  rack-cache (1.2) lib/rack/cache/context.rb:136:in `forward'
  rack-cache (1.2) lib/rack/cache/context.rb:245:in `fetch'
  rack-cache (1.2) lib/rack/cache/context.rb:185:in `lookup'
  rack-cache (1.2) lib/rack/cache/context.rb:66:in `call!'
  rack-cache (1.2) lib/rack/cache/context.rb:51:in `call'
  railties (3.2.13) lib/rails/engine.rb:479:in `call'
  railties (3.2.13) lib/rails/application.rb:223:in `call'
  rack (1.4.5) lib/rack/content_length.rb:14:in `call'
  railties (3.2.13) lib/rails/rack/log_tailer.rb:17:in `call'
  rack (1.4.5) lib/rack/handler/webrick.rb:59:in `service'
  /Users/javier/.rvm/rubies/ruby-1.9.2-p320/lib/ruby/1.9.1/webrick/httpserver.rb:111:in `service'
  /Users/javier/.rvm/rubies/ruby-1.9.2-p320/lib/ruby/1.9.1/webrick/httpserver.rb:70:in `run'
  /Users/javier/.rvm/rubies/ruby-1.9.2-p320/lib/ruby/1.9.1/webrick/server.rb:183:in `block in start_thread'


Started GET "/tmp/stories2.png" for 192.168.1.7 at 2013-04-02 12:37:28 +0200

ActionController::RoutingError (No route matches [GET] "/tmp/stories2.png"):
  actionpack (3.2.13) lib/action_dispatch/middleware/debug_exceptions.rb:21:in `call'
  actionpack (3.2.13) lib/action_dispatch/middleware/show_exceptions.rb:56:in `call'
  railties (3.2.13) lib/rails/rack/logger.rb:32:in `call_app'
  railties (3.2.13) lib/rails/rack/logger.rb:16:in `block in call'
  activesupport (3.2.13) lib/active_support/tagged_logging.rb:22:in `tagged'
  railties (3.2.13) lib/rails/rack/logger.rb:16:in `call'
  actionpack (3.2.13) lib/action_dispatch/middleware/request_id.rb:22:in `call'
  rack (1.4.5) lib/rack/methodoverride.rb:21:in `call'
  rack (1.4.5) lib/rack/runtime.rb:17:in `call'
  activesupport (3.2.13) lib/active_support/cache/strategy/local_cache.rb:72:in `call'
  rack (1.4.5) lib/rack/lock.rb:15:in `call'
  actionpack (3.2.13) lib/action_dispatch/middleware/static.rb:63:in `call'
  rack-cache (1.2) lib/rack/cache/context.rb:136:in `forward'
  rack-cache (1.2) lib/rack/cache/context.rb:245:in `fetch'
  rack-cache (1.2) lib/rack/cache/context.rb:185:in `lookup'
  rack-cache (1.2) lib/rack/cache/context.rb:66:in `call!'
  rack-cache (1.2) lib/rack/cache/context.rb:51:in `call'
  railties (3.2.13) lib/rails/engine.rb:479:in `call'
  railties (3.2.13) lib/rails/application.rb:223:in `call'
  rack (1.4.5) lib/rack/content_length.rb:14:in `call'
  railties (3.2.13) lib/rails/rack/log_tailer.rb:17:in `call'
  rack (1.4.5) lib/rack/handler/webrick.rb:59:in `service'
  /Users/javier/.rvm/rubies/ruby-1.9.2-p320/lib/ruby/1.9.1/webrick/httpserver.rb:111:in `service'
  /Users/javier/.rvm/rubies/ruby-1.9.2-p320/lib/ruby/1.9.1/webrick/httpserver.rb:70:in `run'
  /Users/javier/.rvm/rubies/ruby-1.9.2-p320/lib/ruby/1.9.1/webrick/server.rb:183:in `block in start_thread'


Started GET "/tmp/stories3.png" for 192.168.1.7 at 2013-04-02 12:37:28 +0200

ActionController::RoutingError (No route matches [GET] "/tmp/stories3.png"):
  actionpack (3.2.13) lib/action_dispatch/middleware/debug_exceptions.rb:21:in `call'
  actionpack (3.2.13) lib/action_dispatch/middleware/show_exceptions.rb:56:in `call'
  railties (3.2.13) lib/rails/rack/logger.rb:32:in `call_app'
  railties (3.2.13) lib/rails/rack/logger.rb:16:in `block in call'
  activesupport (3.2.13) lib/active_support/tagged_logging.rb:22:in `tagged'
  railties (3.2.13) lib/rails/rack/logger.rb:16:in `call'
  actionpack (3.2.13) lib/action_dispatch/middleware/request_id.rb:22:in `call'
  rack (1.4.5) lib/rack/methodoverride.rb:21:in `call'
  rack (1.4.5) lib/rack/runtime.rb:17:in `call'
  activesupport (3.2.13) lib/active_support/cache/strategy/local_cache.rb:72:in `call'
  rack (1.4.5) lib/rack/lock.rb:15:in `call'
  actionpack (3.2.13) lib/action_dispatch/middleware/static.rb:63:in `call'
  rack-cache (1.2) lib/rack/cache/context.rb:136:in `forward'
  rack-cache (1.2) lib/rack/cache/context.rb:245:in `fetch'
  rack-cache (1.2) lib/rack/cache/context.rb:185:in `lookup'
  rack-cache (1.2) lib/rack/cache/context.rb:66:in `call!'
  rack-cache (1.2) lib/rack/cache/context.rb:51:in `call'
  railties (3.2.13) lib/rails/engine.rb:479:in `call'
  railties (3.2.13) lib/rails/application.rb:223:in `call'
  rack (1.4.5) lib/rack/content_length.rb:14:in `call'
  railties (3.2.13) lib/rails/rack/log_tailer.rb:17:in `call'
  rack (1.4.5) lib/rack/handler/webrick.rb:59:in `service'
  /Users/javier/.rvm/rubies/ruby-1.9.2-p320/lib/ruby/1.9.1/webrick/httpserver.rb:111:in `service'
  /Users/javier/.rvm/rubies/ruby-1.9.2-p320/lib/ruby/1.9.1/webrick/httpserver.rb:70:in `run'
  /Users/javier/.rvm/rubies/ruby-1.9.2-p320/lib/ruby/1.9.1/webrick/server.rb:183:in `block in start_thread'


Started GET "/" for 192.168.1.7 at 2013-04-02 12:37:44 +0200
Processing by HomeController#index as HTML
  Rendered common/_filters.html.erb (0.0ms)
  Rendered common/_map.html.erb (1.2ms)
  Rendered common/_crowdsourcing.html.erb (0.0ms)
  Rendered sources/_sources.html.erb (0.0ms)
  Rendered home/index.html.erb within layouts/application (7.7ms)
  Rendered common/_nav.html.erb (7.1ms)
  Rendered common/_header.html.erb (7.6ms)
  Rendered common/_share.html.erb (0.0ms)
  Rendered common/_subscribe.html.erb (0.6ms)
  Rendered common/_analysis.html.erb (0.0ms)
  Rendered common/_footer.html.erb (0.4ms)
  Rendered common/_js_templates.html.erb (0.0ms)
  Rendered common/_countries.html.erb (892.7ms)
Completed 200 OK in 1117ms (Views: 912.3ms)
Started GET "/" for 192.168.1.7 at 2013-04-02 12:37:46 +0200
Processing by HomeController#index as HTML
  Rendered common/_filters.html.erb (0.0ms)
  Rendered common/_map.html.erb (1.3ms)
  Rendered common/_crowdsourcing.html.erb (0.0ms)
  Rendered sources/_sources.html.erb (0.0ms)
  Rendered home/index.html.erb within layouts/application (6.6ms)
  Rendered common/_nav.html.erb (8.1ms)
  Rendered common/_header.html.erb (8.6ms)
  Rendered common/_share.html.erb (0.0ms)
  Rendered common/_subscribe.html.erb (0.8ms)
  Rendered common/_analysis.html.erb (0.0ms)
  Rendered common/_footer.html.erb (0.4ms)
  Rendered common/_js_templates.html.erb (0.0ms)
  Rendered common/_countries.html.erb (264.5ms)
Completed 200 OK in 1784ms (Views: 284.4ms)
Started GET "/" for 192.168.1.7 at 2013-04-02 12:37:47 +0200
Processing by HomeController#index as HTML
  Rendered common/_filters.html.erb (0.0ms)
  Rendered common/_map.html.erb (1.1ms)
  Rendered common/_crowdsourcing.html.erb (0.0ms)
  Rendered sources/_sources.html.erb (0.0ms)
  Rendered home/index.html.erb within layouts/application (5.6ms)
  Rendered common/_nav.html.erb (6.6ms)
  Rendered common/_header.html.erb (7.1ms)
  Rendered common/_share.html.erb (0.0ms)
  Rendered common/_subscribe.html.erb (0.6ms)
  Rendered common/_analysis.html.erb (0.0ms)
  Rendered common/_footer.html.erb (0.4ms)
  Rendered common/_js_templates.html.erb (0.0ms)
  Rendered common/_countries.html.erb (306.6ms)
Completed 200 OK in 1092ms (Views: 323.3ms)
Started GET "/" for 192.168.1.7 at 2013-04-02 12:37:48 +0200
Processing by HomeController#index as HTML
  Rendered common/_filters.html.erb (0.0ms)
  Rendered common/_map.html.erb (1.2ms)
  Rendered common/_crowdsourcing.html.erb (0.0ms)
  Rendered sources/_sources.html.erb (0.0ms)
  Rendered home/index.html.erb within layouts/application (5.8ms)
  Rendered common/_nav.html.erb (6.9ms)
  Rendered common/_header.html.erb (7.4ms)
  Rendered common/_share.html.erb (0.0ms)
  Rendered common/_subscribe.html.erb (0.5ms)
  Rendered common/_analysis.html.erb (0.0ms)
  Rendered common/_footer.html.erb (0.4ms)
  Rendered common/_js_templates.html.erb (0.1ms)
  Rendered common/_countries.html.erb (251.6ms)
Completed 200 OK in 502ms (Views: 268.9ms)
Started GET "/stories.json?for-map=true" for 192.168.1.7 at 2013-04-02 12:37:51 +0200
Processing by StoriesController#index as JSON
  Parameters: {"for-map"=>"true"}
Completed 200 OK in 1200ms (Views: 10.2ms)
Started GET "/tmp/stories1.png" for 192.168.1.7 at 2013-04-02 12:37:52 +0200

ActionController::RoutingError (No route matches [GET] "/tmp/stories1.png"):
  actionpack (3.2.13) lib/action_dispatch/middleware/debug_exceptions.rb:21:in `call'
  actionpack (3.2.13) lib/action_dispatch/middleware/show_exceptions.rb:56:in `call'
  railties (3.2.13) lib/rails/rack/logger.rb:32:in `call_app'
  railties (3.2.13) lib/rails/rack/logger.rb:16:in `block in call'
  activesupport (3.2.13) lib/active_support/tagged_logging.rb:22:in `tagged'
  railties (3.2.13) lib/rails/rack/logger.rb:16:in `call'
  actionpack (3.2.13) lib/action_dispatch/middleware/request_id.rb:22:in `call'
  rack (1.4.5) lib/rack/methodoverride.rb:21:in `call'
  rack (1.4.5) lib/rack/runtime.rb:17:in `call'
  activesupport (3.2.13) lib/active_support/cache/strategy/local_cache.rb:72:in `call'
  rack (1.4.5) lib/rack/lock.rb:15:in `call'
  actionpack (3.2.13) lib/action_dispatch/middleware/static.rb:63:in `call'
  rack-cache (1.2) lib/rack/cache/context.rb:136:in `forward'
  rack-cache (1.2) lib/rack/cache/context.rb:245:in `fetch'
  rack-cache (1.2) lib/rack/cache/context.rb:185:in `lookup'
  rack-cache (1.2) lib/rack/cache/context.rb:66:in `call!'
  rack-cache (1.2) lib/rack/cache/context.rb:51:in `call'
  railties (3.2.13) lib/rails/engine.rb:479:in `call'
  railties (3.2.13) lib/rails/application.rb:223:in `call'
  rack (1.4.5) lib/rack/content_length.rb:14:in `call'
  railties (3.2.13) lib/rails/rack/log_tailer.rb:17:in `call'
  rack (1.4.5) lib/rack/handler/webrick.rb:59:in `service'
  /Users/javier/.rvm/rubies/ruby-1.9.2-p320/lib/ruby/1.9.1/webrick/httpserver.rb:111:in `service'
  /Users/javier/.rvm/rubies/ruby-1.9.2-p320/lib/ruby/1.9.1/webrick/httpserver.rb:70:in `run'
  /Users/javier/.rvm/rubies/ruby-1.9.2-p320/lib/ruby/1.9.1/webrick/server.rb:183:in `block in start_thread'


Started GET "/tmp/stories2.png" for 192.168.1.7 at 2013-04-02 12:37:52 +0200

ActionController::RoutingError (No route matches [GET] "/tmp/stories2.png"):
  actionpack (3.2.13) lib/action_dispatch/middleware/debug_exceptions.rb:21:in `call'
  actionpack (3.2.13) lib/action_dispatch/middleware/show_exceptions.rb:56:in `call'
  railties (3.2.13) lib/rails/rack/logger.rb:32:in `call_app'
  railties (3.2.13) lib/rails/rack/logger.rb:16:in `block in call'
  activesupport (3.2.13) lib/active_support/tagged_logging.rb:22:in `tagged'
  railties (3.2.13) lib/rails/rack/logger.rb:16:in `call'
  actionpack (3.2.13) lib/action_dispatch/middleware/request_id.rb:22:in `call'
  rack (1.4.5) lib/rack/methodoverride.rb:21:in `call'
  rack (1.4.5) lib/rack/runtime.rb:17:in `call'
  activesupport (3.2.13) lib/active_support/cache/strategy/local_cache.rb:72:in `call'
  rack (1.4.5) lib/rack/lock.rb:15:in `call'
  actionpack (3.2.13) lib/action_dispatch/middleware/static.rb:63:in `call'
  rack-cache (1.2) lib/rack/cache/context.rb:136:in `forward'
  rack-cache (1.2) lib/rack/cache/context.rb:245:in `fetch'
  rack-cache (1.2) lib/rack/cache/context.rb:185:in `lookup'
  rack-cache (1.2) lib/rack/cache/context.rb:66:in `call!'
  rack-cache (1.2) lib/rack/cache/context.rb:51:in `call'
  railties (3.2.13) lib/rails/engine.rb:479:in `call'
  railties (3.2.13) lib/rails/application.rb:223:in `call'
  rack (1.4.5) lib/rack/content_length.rb:14:in `call'
  railties (3.2.13) lib/rails/rack/log_tailer.rb:17:in `call'
  rack (1.4.5) lib/rack/handler/webrick.rb:59:in `service'
  /Users/javier/.rvm/rubies/ruby-1.9.2-p320/lib/ruby/1.9.1/webrick/httpserver.rb:111:in `service'
  /Users/javier/.rvm/rubies/ruby-1.9.2-p320/lib/ruby/1.9.1/webrick/httpserver.rb:70:in `run'
  /Users/javier/.rvm/rubies/ruby-1.9.2-p320/lib/ruby/1.9.1/webrick/server.rb:183:in `block in start_thread'


Started GET "/tmp/stories3.png" for 192.168.1.7 at 2013-04-02 12:37:52 +0200

ActionController::RoutingError (No route matches [GET] "/tmp/stories3.png"):
  actionpack (3.2.13) lib/action_dispatch/middleware/debug_exceptions.rb:21:in `call'
  actionpack (3.2.13) lib/action_dispatch/middleware/show_exceptions.rb:56:in `call'
  railties (3.2.13) lib/rails/rack/logger.rb:32:in `call_app'
  railties (3.2.13) lib/rails/rack/logger.rb:16:in `block in call'
  activesupport (3.2.13) lib/active_support/tagged_logging.rb:22:in `tagged'
  railties (3.2.13) lib/rails/rack/logger.rb:16:in `call'
  actionpack (3.2.13) lib/action_dispatch/middleware/request_id.rb:22:in `call'
  rack (1.4.5) lib/rack/methodoverride.rb:21:in `call'
  rack (1.4.5) lib/rack/runtime.rb:17:in `call'
  activesupport (3.2.13) lib/active_support/cache/strategy/local_cache.rb:72:in `call'
  rack (1.4.5) lib/rack/lock.rb:15:in `call'
  actionpack (3.2.13) lib/action_dispatch/middleware/static.rb:63:in `call'
  rack-cache (1.2) lib/rack/cache/context.rb:136:in `forward'
  rack-cache (1.2) lib/rack/cache/context.rb:245:in `fetch'
  rack-cache (1.2) lib/rack/cache/context.rb:185:in `lookup'
  rack-cache (1.2) lib/rack/cache/context.rb:66:in `call!'
  rack-cache (1.2) lib/rack/cache/context.rb:51:in `call'
  railties (3.2.13) lib/rails/engine.rb:479:in `call'
  railties (3.2.13) lib/rails/application.rb:223:in `call'
  rack (1.4.5) lib/rack/content_length.rb:14:in `call'
  railties (3.2.13) lib/rails/rack/log_tailer.rb:17:in `call'
  rack (1.4.5) lib/rack/handler/webrick.rb:59:in `service'
  /Users/javier/.rvm/rubies/ruby-1.9.2-p320/lib/ruby/1.9.1/webrick/httpserver.rb:111:in `service'
  /Users/javier/.rvm/rubies/ruby-1.9.2-p320/lib/ruby/1.9.1/webrick/httpserver.rb:70:in `run'
  /Users/javier/.rvm/rubies/ruby-1.9.2-p320/lib/ruby/1.9.1/webrick/server.rb:183:in `block in start_thread'


Started GET "/" for 192.168.1.7 at 2013-04-02 12:38:39 +0200
Processing by HomeController#index as HTML
  Rendered common/_filters.html.erb (0.0ms)
  Rendered common/_map.html.erb (1.1ms)
  Rendered common/_crowdsourcing.html.erb (0.0ms)
  Rendered sources/_sources.html.erb (0.1ms)
  Rendered home/index.html.erb within layouts/application (6.2ms)
  Rendered common/_nav.html.erb (7.8ms)
  Rendered common/_header.html.erb (8.5ms)
  Rendered common/_share.html.erb (0.0ms)
  Rendered common/_subscribe.html.erb (0.6ms)
  Rendered common/_analysis.html.erb (0.0ms)
  Rendered common/_footer.html.erb (0.4ms)
  Rendered common/_js_templates.html.erb (0.0ms)
  Rendered common/_countries.html.erb (825.9ms)
Completed 200 OK in 1169ms (Views: 845.5ms)
Started GET "/stories.json?for-map=true" for 192.168.1.7 at 2013-04-02 12:38:45 +0200
Processing by StoriesController#index as JSON
  Parameters: {"for-map"=>"true"}
Completed 200 OK in 705ms (Views: 6.7ms)
Started GET "/tmp/stories1.png" for 192.168.1.7 at 2013-04-02 12:38:50 +0200

ActionController::RoutingError (No route matches [GET] "/tmp/stories1.png"):
  actionpack (3.2.13) lib/action_dispatch/middleware/debug_exceptions.rb:21:in `call'
  actionpack (3.2.13) lib/action_dispatch/middleware/show_exceptions.rb:56:in `call'
  railties (3.2.13) lib/rails/rack/logger.rb:32:in `call_app'
  railties (3.2.13) lib/rails/rack/logger.rb:16:in `block in call'
  activesupport (3.2.13) lib/active_support/tagged_logging.rb:22:in `tagged'
  railties (3.2.13) lib/rails/rack/logger.rb:16:in `call'
  actionpack (3.2.13) lib/action_dispatch/middleware/request_id.rb:22:in `call'
  rack (1.4.5) lib/rack/methodoverride.rb:21:in `call'
  rack (1.4.5) lib/rack/runtime.rb:17:in `call'
  activesupport (3.2.13) lib/active_support/cache/strategy/local_cache.rb:72:in `call'
  rack (1.4.5) lib/rack/lock.rb:15:in `call'
  actionpack (3.2.13) lib/action_dispatch/middleware/static.rb:63:in `call'
  rack-cache (1.2) lib/rack/cache/context.rb:136:in `forward'
  rack-cache (1.2) lib/rack/cache/context.rb:245:in `fetch'
  rack-cache (1.2) lib/rack/cache/context.rb:185:in `lookup'
  rack-cache (1.2) lib/rack/cache/context.rb:66:in `call!'
  rack-cache (1.2) lib/rack/cache/context.rb:51:in `call'
  railties (3.2.13) lib/rails/engine.rb:479:in `call'
  railties (3.2.13) lib/rails/application.rb:223:in `call'
  rack (1.4.5) lib/rack/content_length.rb:14:in `call'
  railties (3.2.13) lib/rails/rack/log_tailer.rb:17:in `call'
  rack (1.4.5) lib/rack/handler/webrick.rb:59:in `service'
  /Users/javier/.rvm/rubies/ruby-1.9.2-p320/lib/ruby/1.9.1/webrick/httpserver.rb:111:in `service'
  /Users/javier/.rvm/rubies/ruby-1.9.2-p320/lib/ruby/1.9.1/webrick/httpserver.rb:70:in `run'
  /Users/javier/.rvm/rubies/ruby-1.9.2-p320/lib/ruby/1.9.1/webrick/server.rb:183:in `block in start_thread'


Started GET "/tmp/stories2.png" for 192.168.1.7 at 2013-04-02 12:38:50 +0200

ActionController::RoutingError (No route matches [GET] "/tmp/stories2.png"):
  actionpack (3.2.13) lib/action_dispatch/middleware/debug_exceptions.rb:21:in `call'
  actionpack (3.2.13) lib/action_dispatch/middleware/show_exceptions.rb:56:in `call'
  railties (3.2.13) lib/rails/rack/logger.rb:32:in `call_app'
  railties (3.2.13) lib/rails/rack/logger.rb:16:in `block in call'
  activesupport (3.2.13) lib/active_support/tagged_logging.rb:22:in `tagged'
  railties (3.2.13) lib/rails/rack/logger.rb:16:in `call'
  actionpack (3.2.13) lib/action_dispatch/middleware/request_id.rb:22:in `call'
  rack (1.4.5) lib/rack/methodoverride.rb:21:in `call'
  rack (1.4.5) lib/rack/runtime.rb:17:in `call'
  activesupport (3.2.13) lib/active_support/cache/strategy/local_cache.rb:72:in `call'
  rack (1.4.5) lib/rack/lock.rb:15:in `call'
  actionpack (3.2.13) lib/action_dispatch/middleware/static.rb:63:in `call'
  rack-cache (1.2) lib/rack/cache/context.rb:136:in `forward'
  rack-cache (1.2) lib/rack/cache/context.rb:245:in `fetch'
  rack-cache (1.2) lib/rack/cache/context.rb:185:in `lookup'
  rack-cache (1.2) lib/rack/cache/context.rb:66:in `call!'
  rack-cache (1.2) lib/rack/cache/context.rb:51:in `call'
  railties (3.2.13) lib/rails/engine.rb:479:in `call'
  railties (3.2.13) lib/rails/application.rb:223:in `call'
  rack (1.4.5) lib/rack/content_length.rb:14:in `call'
  railties (3.2.13) lib/rails/rack/log_tailer.rb:17:in `call'
  rack (1.4.5) lib/rack/handler/webrick.rb:59:in `service'
  /Users/javier/.rvm/rubies/ruby-1.9.2-p320/lib/ruby/1.9.1/webrick/httpserver.rb:111:in `service'
  /Users/javier/.rvm/rubies/ruby-1.9.2-p320/lib/ruby/1.9.1/webrick/httpserver.rb:70:in `run'
  /Users/javier/.rvm/rubies/ruby-1.9.2-p320/lib/ruby/1.9.1/webrick/server.rb:183:in `block in start_thread'


Started GET "/tmp/stories3.png" for 192.168.1.7 at 2013-04-02 12:38:50 +0200

ActionController::RoutingError (No route matches [GET] "/tmp/stories3.png"):
  actionpack (3.2.13) lib/action_dispatch/middleware/debug_exceptions.rb:21:in `call'
  actionpack (3.2.13) lib/action_dispatch/middleware/show_exceptions.rb:56:in `call'
  railties (3.2.13) lib/rails/rack/logger.rb:32:in `call_app'
  railties (3.2.13) lib/rails/rack/logger.rb:16:in `block in call'
  activesupport (3.2.13) lib/active_support/tagged_logging.rb:22:in `tagged'
  railties (3.2.13) lib/rails/rack/logger.rb:16:in `call'
  actionpack (3.2.13) lib/action_dispatch/middleware/request_id.rb:22:in `call'
  rack (1.4.5) lib/rack/methodoverride.rb:21:in `call'
  rack (1.4.5) lib/rack/runtime.rb:17:in `call'
  activesupport (3.2.13) lib/active_support/cache/strategy/local_cache.rb:72:in `call'
  rack (1.4.5) lib/rack/lock.rb:15:in `call'
  actionpack (3.2.13) lib/action_dispatch/middleware/static.rb:63:in `call'
  rack-cache (1.2) lib/rack/cache/context.rb:136:in `forward'
  rack-cache (1.2) lib/rack/cache/context.rb:245:in `fetch'
  rack-cache (1.2) lib/rack/cache/context.rb:185:in `lookup'
  rack-cache (1.2) lib/rack/cache/context.rb:66:in `call!'
  rack-cache (1.2) lib/rack/cache/context.rb:51:in `call'
  railties (3.2.13) lib/rails/engine.rb:479:in `call'
  railties (3.2.13) lib/rails/application.rb:223:in `call'
  rack (1.4.5) lib/rack/content_length.rb:14:in `call'
  railties (3.2.13) lib/rails/rack/log_tailer.rb:17:in `call'
  rack (1.4.5) lib/rack/handler/webrick.rb:59:in `service'
  /Users/javier/.rvm/rubies/ruby-1.9.2-p320/lib/ruby/1.9.1/webrick/httpserver.rb:111:in `service'
  /Users/javier/.rvm/rubies/ruby-1.9.2-p320/lib/ruby/1.9.1/webrick/httpserver.rb:70:in `run'
  /Users/javier/.rvm/rubies/ruby-1.9.2-p320/lib/ruby/1.9.1/webrick/server.rb:183:in `block in start_thread'


Started GET "/map" for 127.0.0.1 at 2013-04-02 12:53:32 +0200
Processing by HomeController#index as HTML
  Rendered common/_filters.html.erb (0.0ms)
  Rendered common/_map.html.erb (1.3ms)
  Rendered common/_crowdsourcing.html.erb (0.0ms)
  Rendered sources/_sources.html.erb (0.0ms)
  Rendered home/index.html.erb within layouts/application (7.5ms)
  Rendered common/_nav.html.erb (9.0ms)
  Rendered common/_header.html.erb (9.8ms)
  Rendered common/_share.html.erb (0.0ms)
  Rendered common/_subscribe.html.erb (0.7ms)
  Rendered common/_analysis.html.erb (0.0ms)
  Rendered common/_footer.html.erb (0.4ms)
  Rendered common/_js_templates.html.erb (0.0ms)
  Rendered common/_countries.html.erb (292.9ms)
Completed 200 OK in 1680ms (Views: 315.0ms)
Started GET "/stories.json?for-map=true" for 127.0.0.1 at 2013-04-02 12:53:36 +0200
Processing by StoriesController#index as JSON
  Parameters: {"for-map"=>"true"}
Completed 200 OK in 1080ms (Views: 9.1ms)
Started GET "/tmp/stories3.png" for 127.0.0.1 at 2013-04-02 12:53:38 +0200

ActionController::RoutingError (No route matches [GET] "/tmp/stories3.png"):
  actionpack (3.2.13) lib/action_dispatch/middleware/debug_exceptions.rb:21:in `call'
  actionpack (3.2.13) lib/action_dispatch/middleware/show_exceptions.rb:56:in `call'
  railties (3.2.13) lib/rails/rack/logger.rb:32:in `call_app'
  railties (3.2.13) lib/rails/rack/logger.rb:16:in `block in call'
  activesupport (3.2.13) lib/active_support/tagged_logging.rb:22:in `tagged'
  railties (3.2.13) lib/rails/rack/logger.rb:16:in `call'
  actionpack (3.2.13) lib/action_dispatch/middleware/request_id.rb:22:in `call'
  rack (1.4.5) lib/rack/methodoverride.rb:21:in `call'
  rack (1.4.5) lib/rack/runtime.rb:17:in `call'
  activesupport (3.2.13) lib/active_support/cache/strategy/local_cache.rb:72:in `call'
  rack (1.4.5) lib/rack/lock.rb:15:in `call'
  actionpack (3.2.13) lib/action_dispatch/middleware/static.rb:63:in `call'
  rack-cache (1.2) lib/rack/cache/context.rb:136:in `forward'
  rack-cache (1.2) lib/rack/cache/context.rb:245:in `fetch'
  rack-cache (1.2) lib/rack/cache/context.rb:185:in `lookup'
  rack-cache (1.2) lib/rack/cache/context.rb:66:in `call!'
  rack-cache (1.2) lib/rack/cache/context.rb:51:in `call'
  railties (3.2.13) lib/rails/engine.rb:479:in `call'
  railties (3.2.13) lib/rails/application.rb:223:in `call'
  rack (1.4.5) lib/rack/content_length.rb:14:in `call'
  railties (3.2.13) lib/rails/rack/log_tailer.rb:17:in `call'
  rack (1.4.5) lib/rack/handler/webrick.rb:59:in `service'
  /Users/javier/.rvm/rubies/ruby-1.9.2-p320/lib/ruby/1.9.1/webrick/httpserver.rb:111:in `service'
  /Users/javier/.rvm/rubies/ruby-1.9.2-p320/lib/ruby/1.9.1/webrick/httpserver.rb:70:in `run'
  /Users/javier/.rvm/rubies/ruby-1.9.2-p320/lib/ruby/1.9.1/webrick/server.rb:183:in `block in start_thread'


Started GET "/tmp/stories2.png" for 127.0.0.1 at 2013-04-02 12:53:38 +0200

ActionController::RoutingError (No route matches [GET] "/tmp/stories2.png"):
  actionpack (3.2.13) lib/action_dispatch/middleware/debug_exceptions.rb:21:in `call'
  actionpack (3.2.13) lib/action_dispatch/middleware/show_exceptions.rb:56:in `call'
  railties (3.2.13) lib/rails/rack/logger.rb:32:in `call_app'
  railties (3.2.13) lib/rails/rack/logger.rb:16:in `block in call'
  activesupport (3.2.13) lib/active_support/tagged_logging.rb:22:in `tagged'
  railties (3.2.13) lib/rails/rack/logger.rb:16:in `call'
  actionpack (3.2.13) lib/action_dispatch/middleware/request_id.rb:22:in `call'
  rack (1.4.5) lib/rack/methodoverride.rb:21:in `call'
  rack (1.4.5) lib/rack/runtime.rb:17:in `call'
  activesupport (3.2.13) lib/active_support/cache/strategy/local_cache.rb:72:in `call'
  rack (1.4.5) lib/rack/lock.rb:15:in `call'
  actionpack (3.2.13) lib/action_dispatch/middleware/static.rb:63:in `call'
  rack-cache (1.2) lib/rack/cache/context.rb:136:in `forward'
  rack-cache (1.2) lib/rack/cache/context.rb:245:in `fetch'
  rack-cache (1.2) lib/rack/cache/context.rb:185:in `lookup'
  rack-cache (1.2) lib/rack/cache/context.rb:66:in `call!'
  rack-cache (1.2) lib/rack/cache/context.rb:51:in `call'
  railties (3.2.13) lib/rails/engine.rb:479:in `call'
  railties (3.2.13) lib/rails/application.rb:223:in `call'
  rack (1.4.5) lib/rack/content_length.rb:14:in `call'
  railties (3.2.13) lib/rails/rack/log_tailer.rb:17:in `call'
  rack (1.4.5) lib/rack/handler/webrick.rb:59:in `service'
  /Users/javier/.rvm/rubies/ruby-1.9.2-p320/lib/ruby/1.9.1/webrick/httpserver.rb:111:in `service'
  /Users/javier/.rvm/rubies/ruby-1.9.2-p320/lib/ruby/1.9.1/webrick/httpserver.rb:70:in `run'
  /Users/javier/.rvm/rubies/ruby-1.9.2-p320/lib/ruby/1.9.1/webrick/server.rb:183:in `block in start_thread'


Started GET "/tmp/stories1.png" for 127.0.0.1 at 2013-04-02 12:53:38 +0200

ActionController::RoutingError (No route matches [GET] "/tmp/stories1.png"):
  actionpack (3.2.13) lib/action_dispatch/middleware/debug_exceptions.rb:21:in `call'
  actionpack (3.2.13) lib/action_dispatch/middleware/show_exceptions.rb:56:in `call'
  railties (3.2.13) lib/rails/rack/logger.rb:32:in `call_app'
  railties (3.2.13) lib/rails/rack/logger.rb:16:in `block in call'
  activesupport (3.2.13) lib/active_support/tagged_logging.rb:22:in `tagged'
  railties (3.2.13) lib/rails/rack/logger.rb:16:in `call'
  actionpack (3.2.13) lib/action_dispatch/middleware/request_id.rb:22:in `call'
  rack (1.4.5) lib/rack/methodoverride.rb:21:in `call'
  rack (1.4.5) lib/rack/runtime.rb:17:in `call'
  activesupport (3.2.13) lib/active_support/cache/strategy/local_cache.rb:72:in `call'
  rack (1.4.5) lib/rack/lock.rb:15:in `call'
  actionpack (3.2.13) lib/action_dispatch/middleware/static.rb:63:in `call'
  rack-cache (1.2) lib/rack/cache/context.rb:136:in `forward'
  rack-cache (1.2) lib/rack/cache/context.rb:245:in `fetch'
  rack-cache (1.2) lib/rack/cache/context.rb:185:in `lookup'
  rack-cache (1.2) lib/rack/cache/context.rb:66:in `call!'
  rack-cache (1.2) lib/rack/cache/context.rb:51:in `call'
  railties (3.2.13) lib/rails/engine.rb:479:in `call'
  railties (3.2.13) lib/rails/application.rb:223:in `call'
  rack (1.4.5) lib/rack/content_length.rb:14:in `call'
  railties (3.2.13) lib/rails/rack/log_tailer.rb:17:in `call'
  rack (1.4.5) lib/rack/handler/webrick.rb:59:in `service'
  /Users/javier/.rvm/rubies/ruby-1.9.2-p320/lib/ruby/1.9.1/webrick/httpserver.rb:111:in `service'
  /Users/javier/.rvm/rubies/ruby-1.9.2-p320/lib/ruby/1.9.1/webrick/httpserver.rb:70:in `run'
  /Users/javier/.rvm/rubies/ruby-1.9.2-p320/lib/ruby/1.9.1/webrick/server.rb:183:in `block in start_thread'


